================================================================================
START: 2026-06-24 18:19:46
ROOT: /home/runner/work/PrasiaLab_guild_Trace/PrasiaLab_guild_Trace
PYTHON: /opt/hostedtoolcache/Python/3.12.13/x64/bin/python

[2026-06-24 18:19:46] STEP: 랭킹 데이터 스냅샷 저장
CMD: /opt/hostedtoolcache/Python/3.12.13/x64/bin/python /home/runner/work/PrasiaLab_guild_Trace/PrasiaLab_guild_Trace/scripts/01_collect_snapshot.py --snapshot-id 2026-06-24_1819 --guild-source data/Who_are_you_guild_score.json
STDOUT:
[OK] snapshot saved: /home/runner/work/PrasiaLab_guild_Trace/PrasiaLab_guild_Trace/data/snapshots/2026-06-24_1819
[OK] guild count: 3,588

[2026-06-24 18:19:46] STEP: 결사 점수 계산
CMD: /opt/hostedtoolcache/Python/3.12.13/x64/bin/python /home/runner/work/PrasiaLab_guild_Trace/PrasiaLab_guild_Trace/scripts/02_build_guild_score.py --snapshot-id 2026-06-24_1819
STDOUT:
[OK] guild score saved: /home/runner/work/PrasiaLab_guild_Trace/PrasiaLab_guild_Trace/data/Who_are_you_guild_score.json
[OK] guild count: 3,588

[2026-06-24 18:19:46] STEP: 스냅샷 비교 결과 생성: 2026-06-25_0258 → 2026-06-24_1819
CMD: /opt/hostedtoolcache/Python/3.12.13/x64/bin/python /home/runner/work/PrasiaLab_guild_Trace/PrasiaLab_guild_Trace/scripts/03_build_trace_compare.py --before 2026-06-25_0258 --after 2026-06-24_1819 --top-n 3 --before-limit 200 --after-limit 300 --min-score 35.0
STDOUT:
[OK] compare saved: /home/runner/work/PrasiaLab_guild_Trace/PrasiaLab_guild_Trace/data/compare/2026-06-25_0258__2026-06-24_1819.json
[OK] matches: 87
================================================================================
START: 2026-06-25 01:18:05
ROOT: /home/runner/work/PrasiaLab_guild_Trace/PrasiaLab_guild_Trace
PYTHON: /opt/hostedtoolcache/Python/3.12.13/x64/bin/python

[2026-06-25 01:18:05] STEP: 랭킹 데이터 스냅샷 저장
CMD: /opt/hostedtoolcache/Python/3.12.13/x64/bin/python /home/runner/work/PrasiaLab_guild_Trace/PrasiaLab_guild_Trace/scripts/01_collect_snapshot.py --snapshot-id 2026-06-25_0118 --guild-source data/Who_are_you_guild_score.json
STDOUT:
[OK] snapshot saved: /home/runner/work/PrasiaLab_guild_Trace/PrasiaLab_guild_Trace/data/snapshots/2026-06-25_0118
[OK] guild count: 3,588

[2026-06-25 01:18:06] STEP: 결사 점수 계산
CMD: /opt/hostedtoolcache/Python/3.12.13/x64/bin/python /home/runner/work/PrasiaLab_guild_Trace/PrasiaLab_guild_Trace/scripts/02_build_guild_score.py --snapshot-id 2026-06-25_0118
STDOUT:
[OK] guild score saved: /home/runner/work/PrasiaLab_guild_Trace/PrasiaLab_guild_Trace/data/Who_are_you_guild_score.json
[OK] guild count: 3,588

[2026-06-25 01:18:06] STEP: 스냅샷 비교 결과 생성: 2026-06-24_1819 → 2026-06-25_0118
CMD: /opt/hostedtoolcache/Python/3.12.13/x64/bin/python /home/runner/work/PrasiaLab_guild_Trace/PrasiaLab_guild_Trace/scripts/03_build_trace_compare.py --before 2026-06-24_1819 --after 2026-06-25_0118 --top-n 3 --before-limit 200 --after-limit 300 --min-score 35.0
STDOUT:
[OK] compare saved: /home/runner/work/PrasiaLab_guild_Trace/PrasiaLab_guild_Trace/data/compare/2026-06-24_1819__2026-06-25_0118.json
[OK] matches: 200
================================================================================
START: 2026-06-25 02:11:12
ROOT: /home/runner/work/PrasiaLab_guild_Trace/PrasiaLab_guild_Trace
PYTHON: /opt/hostedtoolcache/Python/3.12.13/x64/bin/python

[2026-06-25 02:11:12] STEP: 원천 랭킹 데이터 추출
CMD: /opt/hostedtoolcache/Python/3.12.13/x64/bin/python /home/runner/work/PrasiaLab_guild_Trace/PrasiaLab_guild_Trace/scripts/00_fetch_rankings.py
STDOUT:
==================================================================
너 누구야 - 전체 서버 일반/결사/클래스 랭킹 통합 추출
추출 시작: 2026-06-25 11:11:12 (KST)
대상 서버: 50개
클래스 요청: 350회
==================================================================

[01/50] 2-1 (LIVE_W02_R1)
  전체 랭킹 완료: 100명
  결사 랭킹 완료: 50개
  클래스 [심연추방자] 완료: 100명 (1/350)
  클래스 [집행관] 완료: 100명 (2/350)
  클래스 [태양감시자] 완료: 100명 (3/350)
  클래스 [주문각인사] 완료: 100명 (4/350)
  클래스 [환영검사] 완료: 100명 (5/350)
  클래스 [야만투사] 완료: 100명 (6/350)
  클래스 [향사수] 완료: 100명 (7/350)
  클래스별 합계: 700명

[02/50] 2-2 (LIVE_W02_R2)
  전체 랭킹 완료: 100명
  결사 랭킹 완료: 50개
  클래스 [심연추방자] 완료: 100명 (8/350)
  클래스 [집행관] 완료: 100명 (9/350)
  클래스 [태양감시자] 완료: 100명 (10/350)
  클래스 [주문각인사] 완료: 100명 (11/350)
  클래스 [환영검사] 완료: 100명 (12/350)
  클래스 [야만투사] 완료: 100명 (13/350)
  클래스 [향사수] 완료: 100명 (14/350)
  클래스별 합계: 700명

[03/50] 2-3 (LIVE_W02_R3)
  전체 랭킹 완료: 100명
  결사 랭킹 완료: 50개
  클래스 [심연추방자] 완료: 100명 (15/350)
  클래스 [집행관] 완료: 100명 (16/350)
  클래스 [태양감시자] 완료: 100명 (17/350)
  클래스 [주문각인사] 완료: 100명 (18/350)
  클래스 [환영검사] 완료: 100명 (19/350)
  클래스 [야만투사] 완료: 100명 (20/350)
  클래스 [향사수] 완료: 100명 (21/350)
  클래스별 합계: 700명

[04/50] 2-4 (LIVE_W02_R4)
  전체 랭킹 완료: 100명
  결사 랭킹 완료: 50개
  클래스 [심연추방자] 완료: 100명 (22/350)
  클래스 [집행관] 완료: 100명 (23/350)
  클래스 [태양감시자] 완료: 100명 (24/350)
  클래스 [주문각인사] 완료: 100명 (25/350)
  클래스 [환영검사] 완료: 100명 (26/350)
  클래스 [야만투사] 완료: 98명 (27/350)
  클래스 [향사수] 완료: 100명 (28/350)
  클래스별 합계: 698명

[05/50] 2-5 (LIVE_W02_R5)
  전체 랭킹 완료: 100명
  결사 랭킹 완료: 50개
  클래스 [심연추방자] 완료: 100명 (29/350)
  클래스 [집행관] 완료: 100명 (30/350)
  클래스 [태양감시자] 완료: 100명 (31/350)
  클래스 [주문각인사] 완료: 100명 (32/350)
  클래스 [환영검사] 완료: 100명 (33/350)
  클래스 [야만투사] 완료: 100명 (34/350)
  클래스 [향사수] 완료: 100명 (35/350)
  클래스별 합계: 700명

[06/50] 3-1 (LIVE_W03_R1)
  전체 랭킹 완료: 100명
  결사 랭킹 완료: 50개
  클래스 [심연추방자] 완료: 100명 (36/350)
  클래스 [집행관] 완료: 100명 (37/350)
  클래스 [태양감시자] 완료: 100명 (38/350)
  클래스 [주문각인사] 완료: 100명 (39/350)
  클래스 [환영검사] 완료: 100명 (40/350)
  클래스 [야만투사] 완료: 100명 (41/350)
  클래스 [향사수] 완료: 100명 (42/350)
  클래스별 합계: 700명

[07/50] 3-2 (LIVE_W03_R2)
  전체 랭킹 완료: 100명
  결사 랭킹 완료: 50개
  클래스 [심연추방자] 완료: 100명 (43/350)
  클래스 [집행관] 완료: 100명 (44/350)
  클래스 [태양감시자] 완료: 100명 (45/350)
  클래스 [주문각인사] 완료: 100명 (46/350)
  클래스 [환영검사] 완료: 100명 (47/350)
  클래스 [야만투사] 완료: 100명 (48/350)
  클래스 [향사수] 완료: 100명 (49/350)
  클래스별 합계: 700명

[08/50] 3-3 (LIVE_W03_R3)
  전체 랭킹 완료: 100명
  결사 랭킹 완료: 50개
  클래스 [심연추방자] 완료: 100명 (50/350)
  클래스 [집행관] 완료: 100명 (51/350)
  클래스 [태양감시자] 완료: 100명 (52/350)
  클래스 [주문각인사] 완료: 100명 (53/350)
  클래스 [환영검사] 완료: 100명 (54/350)
  클래스 [야만투사] 완료: 100명 (55/350)
  클래스 [향사수] 완료: 100명 (56/350)
  클래스별 합계: 700명

[09/50] 3-4 (LIVE_W03_R4)
  전체 랭킹 완료: 100명
  결사 랭킹 완료: 50개
  클래스 [심연추방자] 완료: 100명 (57/350)
  클래스 [집행관] 완료: 100명 (58/350)
  클래스 [태양감시자] 완료: 100명 (59/350)
  클래스 [주문각인사] 완료: 100명 (60/350)
  클래스 [환영검사] 완료: 100명 (61/350)
  클래스 [야만투사] 완료: 100명 (62/350)
  클래스 [향사수] 완료: 100명 (63/350)
  클래스별 합계: 700명

[10/50] 3-5 (LIVE_W03_R5)
  전체 랭킹 완료: 100명
  결사 랭킹 완료: 50개
  클래스 [심연추방자] 완료: 100명 (64/350)
  클래스 [집행관] 완료: 100명 (65/350)
  클래스 [태양감시자] 완료: 100명 (66/350)
  클래스 [주문각인사] 완료: 100명 (67/350)
  클래스 [환영검사] 완료: 100명 (68/350)
  클래스 [야만투사] 완료: 100명 (69/350)
  클래스 [향사수] 완료: 100명 (70/350)
  클래스별 합계: 700명

[11/50] 5-1 (LIVE_W05_R1)
  전체 랭킹 완료: 100명
  결사 랭킹 완료: 50개
  클래스 [심연추방자] 완료: 100명 (71/350)
  클래스 [집행관] 완료: 100명 (72/350)
  클래스 [태양감시자] 완료: 100명 (73/350)
  클래스 [주문각인사] 완료: 100명 (74/350)
  클래스 [환영검사] 완료: 100명 (75/350)
  클래스 [야만투사] 완료: 100명 (76/350)
  클래스 [향사수] 완료: 100명 (77/350)
  클래스별 합계: 700명

[12/50] 5-2 (LIVE_W05_R2)
  전체 랭킹 완료: 100명
  결사 랭킹 완료: 50개
  클래스 [심연추방자] 완료: 100명 (78/350)
  클래스 [집행관] 완료: 100명 (79/350)
  클래스 [태양감시자] 완료: 100명 (80/350)
  클래스 [주문각인사] 완료: 100명 (81/350)
  클래스 [환영검사] 완료: 100명 (82/350)
  클래스 [야만투사] 완료: 99명 (83/350)
  클래스 [향사수] 완료: 100명 (84/350)
  클래스별 합계: 699명

[13/50] 5-3 (LIVE_W05_R3)
  전체 랭킹 완료: 100명
  결사 랭킹 완료: 50개
  클래스 [심연추방자] 완료: 100명 (85/350)
  클래스 [집행관] 완료: 100명 (86/350)
  클래스 [태양감시자] 완료: 100명 (87/350)
  클래스 [주문각인사] 완료: 100명 (88/350)
  클래스 [환영검사] 완료: 100명 (89/350)
  클래스 [야만투사] 완료: 71명 (90/350)
  클래스 [향사수] 완료: 100명 (91/350)
  클래스별 합계: 671명

[14/50] 5-4 (LIVE_W05_R4)
  전체 랭킹 완료: 100명
  결사 랭킹 완료: 50개
  클래스 [심연추방자] 완료: 100명 (92/350)
  클래스 [집행관] 완료: 100명 (93/350)
  클래스 [태양감시자] 완료: 100명 (94/350)
  클래스 [주문각인사] 완료: 100명 (95/350)
  클래스 [환영검사] 완료: 100명 (96/350)
  클래스 [야만투사] 완료: 100명 (97/350)
  클래스 [향사수] 완료: 100명 (98/350)
  클래스별 합계: 700명

[15/50] 5-5 (LIVE_W05_R5)
  전체 랭킹 완료: 100명
  결사 랭킹 완료: 50개
  클래스 [심연추방자] 완료: 100명 (99/350)
  클래스 [집행관] 완료: 100명 (100/350)
  클래스 [태양감시자] 완료: 100명 (101/350)
  클래스 [주문각인사] 완료: 100명 (102/350)
  클래스 [환영검사] 완료: 100명 (103/350)
  클래스 [야만투사] 완료: 59명 (104/350)
  클래스 [향사수] 완료: 100명 (105/350)
  클래스별 합계: 659명

[16/50] 8-1 (LIVE_W08_R1)
  전체 랭킹 완료: 100명
  결사 랭킹 완료: 50개
  클래스 [심연추방자] 완료: 100명 (106/350)
  클래스 [집행관] 완료: 100명 (107/350)
  클래스 [태양감시자] 완료: 100명 (108/350)
  클래스 [주문각인사] 완료: 100명 (109/350)
  클래스 [환영검사] 완료: 100명 (110/350)
  클래스 [야만투사] 완료: 100명 (111/350)
  클래스 [향사수] 완료: 100명 (112/350)
  클래스별 합계: 700명

[17/50] 8-2 (LIVE_W08_R2)
  전체 랭킹 완료: 100명
  결사 랭킹 완료: 50개
  클래스 [심연추방자] 완료: 100명 (113/350)
  클래스 [집행관] 완료: 100명 (114/350)
  클래스 [태양감시자] 완료: 100명 (115/350)
  클래스 [주문각인사] 완료: 100명 (116/350)
  클래스 [환영검사] 완료: 100명 (117/350)
  클래스 [야만투사] 완료: 77명 (118/350)
  클래스 [향사수] 완료: 100명 (119/350)
  클래스별 합계: 677명

[18/50] 8-3 (LIVE_W08_R3)
  전체 랭킹 완료: 100명
  결사 랭킹 완료: 50개
  클래스 [심연추방자] 완료: 100명 (120/350)
  클래스 [집행관] 완료: 100명 (121/350)
  클래스 [태양감시자] 완료: 100명 (122/350)
  클래스 [주문각인사] 완료: 100명 (123/350)
  클래스 [환영검사] 완료: 100명 (124/350)
  클래스 [야만투사] 완료: 91명 (125/350)
  클래스 [향사수] 완료: 100명 (126/350)
  클래스별 합계: 691명

[19/50] 8-4 (LIVE_W08_R4)
  전체 랭킹 완료: 100명
  결사 랭킹 완료: 50개
  클래스 [심연추방자] 완료: 100명 (127/350)
  클래스 [집행관] 완료: 100명 (128/350)
  클래스 [태양감시자] 완료: 100명 (129/350)
  클래스 [주문각인사] 완료: 100명 (130/350)
  클래스 [환영검사] 완료: 100명 (131/350)
  클래스 [야만투사] 완료: 63명 (132/350)
  클래스 [향사수] 완료: 100명 (133/350)
  클래스별 합계: 663명

[20/50] 8-5 (LIVE_W08_R5)
  전체 랭킹 완료: 100명
  결사 랭킹 완료: 50개
  클래스 [심연추방자] 완료: 100명 (134/350)
  클래스 [집행관] 완료: 100명 (135/350)
  클래스 [태양감시자] 완료: 100명 (136/350)
  클래스 [주문각인사] 완료: 100명 (137/350)
  클래스 [환영검사] 완료: 100명 (138/350)
  클래스 [야만투사] 완료: 80명 (139/350)
  클래스 [향사수] 완료: 100명 (140/350)
  클래스별 합계: 680명

[21/50] 10-1 (LIVE_W10_R1)
  전체 랭킹 완료: 100명
  결사 랭킹 완료: 50개
  클래스 [심연추방자] 완료: 100명 (141/350)
  클래스 [집행관] 완료: 100명 (142/350)
  클래스 [태양감시자] 완료: 100명 (143/350)
  클래스 [주문각인사] 완료: 100명 (144/350)
  클래스 [환영검사] 완료: 100명 (145/350)
  클래스 [야만투사] 완료: 73명 (146/350)
  클래스 [향사수] 완료: 100명 (147/350)
  클래스별 합계: 673명

[22/50] 10-2 (LIVE_W10_R2)
  전체 랭킹 완료: 100명
  결사 랭킹 완료: 50개
  클래스 [심연추방자] 완료: 100명 (148/350)
  클래스 [집행관] 완료: 100명 (149/350)
  클래스 [태양감시자] 완료: 100명 (150/350)
  클래스 [주문각인사] 완료: 100명 (151/350)
  클래스 [환영검사] 완료: 100명 (152/350)
  클래스 [야만투사] 완료: 72명 (153/350)
  클래스 [향사수] 완료: 100명 (154/350)
  클래스별 합계: 672명

[23/50] 10-3 (LIVE_W10_R3)
  전체 랭킹 완료: 100명
  결사 랭킹 완료: 50개
  클래스 [심연추방자] 완료: 100명 (155/350)
  클래스 [집행관] 완료: 100명 (156/350)
  클래스 [태양감시자] 완료: 100명 (157/350)
  클래스 [주문각인사] 완료: 100명 (158/350)
  클래스 [환영검사] 완료: 100명 (159/350)
  클래스 [야만투사] 완료: 34명 (160/350)
  클래스 [향사수] 완료: 100명 (161/350)
  클래스별 합계: 634명

[24/50] 10-4 (LIVE_W10_R4)
  전체 랭킹 완료: 100명
  결사 랭킹 완료: 50개
  클래스 [심연추방자] 완료: 100명 (162/350)
  클래스 [집행관] 완료: 100명 (163/350)
  클래스 [태양감시자] 완료: 100명 (164/350)
  클래스 [주문각인사] 완료: 100명 (165/350)
  클래스 [환영검사] 완료: 100명 (166/350)
  클래스 [야만투사] 완료: 100명 (167/350)
  클래스 [향사수] 완료: 100명 (168/350)
  클래스별 합계: 700명

[25/50] 10-5 (LIVE_W10_R5)
  전체 랭킹 완료: 100명
  결사 랭킹 완료: 50개
  클래스 [심연추방자] 완료: 100명 (169/350)
  클래스 [집행관] 완료: 100명 (170/350)
  클래스 [태양감시자] 완료: 100명 (171/350)
  클래스 [주문각인사] 완료: 100명 (172/350)
  클래스 [환영검사] 완료: 100명 (173/350)
  클래스 [야만투사] 완료: 40명 (174/350)
  클래스 [향사수] 완료: 100명 (175/350)
  클래스별 합계: 640명

[26/50] 11-1 (LIVE_W11_R1)
  전체 랭킹 완료: 100명
  결사 랭킹 완료: 50개
  클래스 [심연추방자] 완료: 100명 (176/350)
  클래스 [집행관] 완료: 100명 (177/350)
  클래스 [태양감시자] 완료: 100명 (178/350)
  클래스 [주문각인사] 완료: 100명 (179/350)
  클래스 [환영검사] 완료: 100명 (180/350)
  클래스 [야만투사] 완료: 100명 (181/350)
  클래스 [향사수] 완료: 100명 (182/350)
  클래스별 합계: 700명

[27/50] 11-2 (LIVE_W11_R2)
  전체 랭킹 완료: 100명
  결사 랭킹 완료: 50개
  클래스 [심연추방자] 완료: 100명 (183/350)
  클래스 [집행관] 완료: 100명 (184/350)
  클래스 [태양감시자] 완료: 100명 (185/350)
  클래스 [주문각인사] 완료: 100명 (186/350)
  클래스 [환영검사] 완료: 100명 (187/350)
  클래스 [야만투사] 완료: 50명 (188/350)
  클래스 [향사수] 완료: 100명 (189/350)
  클래스별 합계: 650명

[28/50] 11-3 (LIVE_W11_R3)
  전체 랭킹 완료: 100명
  결사 랭킹 완료: 50개
  클래스 [심연추방자] 완료: 100명 (190/350)
  클래스 [집행관] 완료: 100명 (191/350)
  클래스 [태양감시자] 완료: 100명 (192/350)
  클래스 [주문각인사] 완료: 100명 (193/350)
  클래스 [환영검사] 완료: 100명 (194/350)
  클래스 [야만투사] 완료: 43명 (195/350)
  클래스 [향사수] 완료: 100명 (196/350)
  클래스별 합계: 643명

[29/50] 11-4 (LIVE_W11_R4)
  전체 랭킹 완료: 100명
  결사 랭킹 완료: 50개
  클래스 [심연추방자] 완료: 100명 (197/350)
  클래스 [집행관] 완료: 100명 (198/350)
  클래스 [태양감시자] 완료: 100명 (199/350)
  클래스 [주문각인사] 완료: 100명 (200/350)
  클래스 [환영검사] 완료: 100명 (201/350)
  클래스 [야만투사] 완료: 85명 (202/350)
  클래스 [향사수] 완료: 100명 (203/350)
  클래스별 합계: 685명

[30/50] 11-5 (LIVE_W11_R5)
  전체 랭킹 완료: 100명
  결사 랭킹 완료: 50개
  클래스 [심연추방자] 완료: 100명 (204/350)
  클래스 [집행관] 완료: 100명 (205/350)
  클래스 [태양감시자] 완료: 100명 (206/350)
  클래스 [주문각인사] 완료: 100명 (207/350)
  클래스 [환영검사] 완료: 100명 (208/350)
  클래스 [야만투사] 완료: 83명 (209/350)
  클래스 [향사수] 완료: 100명 (210/350)
  클래스별 합계: 683명

[31/50] 12-1 (LIVE_W12_R1)
  전체 랭킹 완료: 100명
  결사 랭킹 완료: 50개
  클래스 [심연추방자] 완료: 100명 (211/350)
  클래스 [집행관] 완료: 100명 (212/350)
  클래스 [태양감시자] 완료: 100명 (213/350)
  클래스 [주문각인사] 완료: 100명 (214/350)
  클래스 [환영검사] 완료: 100명 (215/350)
  클래스 [야만투사] 완료: 62명 (216/350)
  클래스 [향사수] 완료: 100명 (217/350)
  클래스별 합계: 662명

[32/50] 12-2 (LIVE_W12_R2)
  전체 랭킹 완료: 100명
  결사 랭킹 완료: 50개
  클래스 [심연추방자] 완료: 100명 (218/350)
  클래스 [집행관] 완료: 100명 (219/350)
  클래스 [태양감시자] 완료: 100명 (220/350)
  클래스 [주문각인사] 완료: 100명 (221/350)
  클래스 [환영검사] 완료: 100명 (222/350)
  클래스 [야만투사] 완료: 86명 (223/350)
  클래스 [향사수] 완료: 100명 (224/350)
  클래스별 합계: 686명

[33/50] 12-3 (LIVE_W12_R3)
  전체 랭킹 완료: 100명
  결사 랭킹 완료: 50개
  클래스 [심연추방자] 완료: 100명 (225/350)
  클래스 [집행관] 완료: 100명 (226/350)
  클래스 [태양감시자] 완료: 100명 (227/350)
  클래스 [주문각인사] 완료: 100명 (228/350)
  클래스 [환영검사] 완료: 100명 (229/350)
  클래스 [야만투사] 완료: 45명 (230/350)
  클래스 [향사수] 완료: 100명 (231/350)
  클래스별 합계: 645명

[34/50] 12-4 (LIVE_W12_R4)
  전체 랭킹 완료: 100명
  결사 랭킹 완료: 50개
  클래스 [심연추방자] 완료: 100명 (232/350)
  클래스 [집행관] 완료: 100명 (233/350)
    재시도 1/2: ('Connection aborted.', RemoteDisconnected('Remote end closed connection without response'))
  클래스 [태양감시자] 완료: 100명 (234/350)
  클래스 [주문각인사] 완료: 100명 (235/350)
  클래스 [환영검사] 완료: 100명 (236/350)
  클래스 [야만투사] 완료: 86명 (237/350)
  클래스 [향사수] 완료: 100명 (238/350)
  클래스별 합계: 686명

[35/50] 12-5 (LIVE_W12_R5)
  전체 랭킹 완료: 100명
  결사 랭킹 완료: 50개
  클래스 [심연추방자] 완료: 100명 (239/350)
  클래스 [집행관] 완료: 100명 (240/350)
  클래스 [태양감시자] 완료: 100명 (241/350)
  클래스 [주문각인사] 완료: 100명 (242/350)
  클래스 [환영검사] 완료: 100명 (243/350)
  클래스 [야만투사] 완료: 43명 (244/350)
  클래스 [향사수] 완료: 100명 (245/350)
  클래스별 합계: 643명

[36/50] 14-1 (LIVE_W14_R1)
  전체 랭킹 완료: 100명
  결사 랭킹 완료: 50개
  클래스 [심연추방자] 완료: 100명 (246/350)
  클래스 [집행관] 완료: 100명 (247/350)
  클래스 [태양감시자] 완료: 100명 (248/350)
  클래스 [주문각인사] 완료: 100명 (249/350)
  클래스 [환영검사] 완료: 100명 (250/350)
  클래스 [야만투사] 완료: 100명 (251/350)
  클래스 [향사수] 완료: 100명 (252/350)
  클래스별 합계: 700명

[37/50] 14-2 (LIVE_W14_R2)
  전체 랭킹 완료: 100명
  결사 랭킹 완료: 50개
  클래스 [심연추방자] 완료: 100명 (253/350)
  클래스 [집행관] 완료: 100명 (254/350)
  클래스 [태양감시자] 완료: 100명 (255/350)
  클래스 [주문각인사] 완료: 100명 (256/350)
  클래스 [환영검사] 완료: 100명 (257/350)
  클래스 [야만투사] 완료: 47명 (258/350)
  클래스 [향사수] 완료: 100명 (259/350)
  클래스별 합계: 647명

[38/50] 14-3 (LIVE_W14_R3)
  전체 랭킹 완료: 100명
  결사 랭킹 완료: 50개
  클래스 [심연추방자] 완료: 100명 (260/350)
  클래스 [집행관] 완료: 100명 (261/350)
  클래스 [태양감시자] 완료: 100명 (262/350)
  클래스 [주문각인사] 완료: 100명 (263/350)
  클래스 [환영검사] 완료: 100명 (264/350)
  클래스 [야만투사] 완료: 67명 (265/350)
  클래스 [향사수] 완료: 100명 (266/350)
  클래스별 합계: 667명

[39/50] 14-4 (LIVE_W14_R4)
  전체 랭킹 완료: 100명
  결사 랭킹 완료: 50개
  클래스 [심연추방자] 완료: 100명 (267/350)
  클래스 [집행관] 완료: 100명 (268/350)
  클래스 [태양감시자] 완료: 100명 (269/350)
  클래스 [주문각인사] 완료: 100명 (270/350)
  클래스 [환영검사] 완료: 100명 (271/350)
  클래스 [야만투사] 완료: 98명 (272/350)
  클래스 [향사수] 완료: 100명 (273/350)
  클래스별 합계: 698명

[40/50] 14-5 (LIVE_W14_R5)
  전체 랭킹 완료: 100명
  결사 랭킹 완료: 50개
  클래스 [심연추방자] 완료: 100명 (274/350)
  클래스 [집행관] 완료: 100명 (275/350)
  클래스 [태양감시자] 완료: 100명 (276/350)
  클래스 [주문각인사] 완료: 100명 (277/350)
  클래스 [환영검사] 완료: 100명 (278/350)
  클래스 [야만투사] 완료: 75명 (279/350)
  클래스 [향사수] 완료: 100명 (280/350)
  클래스별 합계: 675명

[41/50] 16-1 (LIVE_W16_R1)
  전체 랭킹 완료: 100명
  결사 랭킹 완료: 50개
  클래스 [심연추방자] 완료: 100명 (281/350)
  클래스 [집행관] 완료: 100명 (282/350)
  클래스 [태양감시자] 완료: 100명 (283/350)
  클래스 [주문각인사] 완료: 100명 (284/350)
  클래스 [환영검사] 완료: 100명 (285/350)
  클래스 [야만투사] 완료: 76명 (286/350)
  클래스 [향사수] 완료: 100명 (287/350)
  클래스별 합계: 676명

[42/50] 16-2 (LIVE_W16_R2)
  전체 랭킹 완료: 100명
  결사 랭킹 완료: 50개
  클래스 [심연추방자] 완료: 100명 (288/350)
  클래스 [집행관] 완료: 100명 (289/350)
  클래스 [태양감시자] 완료: 100명 (290/350)
  클래스 [주문각인사] 완료: 100명 (291/350)
  클래스 [환영검사] 완료: 100명 (292/350)
  클래스 [야만투사] 완료: 56명 (293/350)
  클래스 [향사수] 완료: 100명 (294/350)
  클래스별 합계: 656명

[43/50] 16-3 (LIVE_W16_R3)
  전체 랭킹 완료: 100명
  결사 랭킹 완료: 50개
  클래스 [심연추방자] 완료: 100명 (295/350)
  클래스 [집행관] 완료: 100명 (296/350)
  클래스 [태양감시자] 완료: 100명 (297/350)
  클래스 [주문각인사] 완료: 100명 (298/350)
  클래스 [환영검사] 완료: 100명 (299/350)
  클래스 [야만투사] 완료: 65명 (300/350)
  클래스 [향사수] 완료: 100명 (301/350)
  클래스별 합계: 665명

[44/50] 16-4 (LIVE_W16_R4)
  전체 랭킹 완료: 100명
  결사 랭킹 완료: 50개
  클래스 [심연추방자] 완료: 100명 (302/350)
  클래스 [집행관] 완료: 100명 (303/350)
  클래스 [태양감시자] 완료: 100명 (304/350)
  클래스 [주문각인사] 완료: 100명 (305/350)
  클래스 [환영검사] 완료: 100명 (306/350)
  클래스 [야만투사] 완료: 65명 (307/350)
  클래스 [향사수] 완료: 100명 (308/350)
  클래스별 합계: 665명

[45/50] 16-5 (LIVE_W16_R5)
  전체 랭킹 완료: 100명
  결사 랭킹 완료: 50개
  클래스 [심연추방자] 완료: 100명 (309/350)
  클래스 [집행관] 완료: 100명 (310/350)
  클래스 [태양감시자] 완료: 100명 (311/350)
  클래스 [주문각인사] 완료: 100명 (312/350)
  클래스 [환영검사] 완료: 100명 (313/350)
  클래스 [야만투사] 완료: 100명 (314/350)
  클래스 [향사수] 완료: 100명 (315/350)
  클래스별 합계: 700명

[46/50] 27-1 (LIVE_W27_R1)
  전체 랭킹 완료: 100명
  결사 랭킹 완료: 50개
  클래스 [심연추방자] 완료: 100명 (316/350)
  클래스 [집행관] 완료: 100명 (317/350)
  클래스 [태양감시자] 완료: 100명 (318/350)
  클래스 [주문각인사] 완료: 100명 (319/350)
  클래스 [환영검사] 완료: 100명 (320/350)
  클래스 [야만투사] 완료: 100명 (321/350)
  클래스 [향사수] 완료: 100명 (322/350)
  클래스별 합계: 700명

[47/50] 27-2 (LIVE_W27_R2)
  전체 랭킹 완료: 100명
  결사 랭킹 완료: 50개
  클래스 [심연추방자] 완료: 100명 (323/350)
  클래스 [집행관] 완료: 100명 (324/350)
  클래스 [태양감시자] 완료: 100명 (325/350)
  클래스 [주문각인사] 완료: 100명 (326/350)
  클래스 [환영검사] 완료: 100명 (327/350)
  클래스 [야만투사] 완료: 100명 (328/350)
  클래스 [향사수] 완료: 100명 (329/350)
  클래스별 합계: 700명

[48/50] 27-3 (LIVE_W27_R3)
  전체 랭킹 완료: 100명
  결사 랭킹 완료: 50개
  클래스 [심연추방자] 완료: 100명 (330/350)
  클래스 [집행관] 완료: 100명 (331/350)
  클래스 [태양감시자] 완료: 100명 (332/350)
  클래스 [주문각인사] 완료: 100명 (333/350)
  클래스 [환영검사] 완료: 100명 (334/350)
  클래스 [야만투사] 완료: 100명 (335/350)
  클래스 [향사수] 완료: 100명 (336/350)
  클래스별 합계: 700명

[49/50] 27-4 (LIVE_W27_R4)
  전체 랭킹 완료: 100명
  결사 랭킹 완료: 50개
  클래스 [심연추방자] 완료: 100명 (337/350)
  클래스 [집행관] 완료: 100명 (338/350)
  클래스 [태양감시자] 완료: 100명 (339/350)
  클래스 [주문각인사] 완료: 100명 (340/350)
  클래스 [환영검사] 완료: 100명 (341/350)
  클래스 [야만투사] 완료: 100명 (342/350)
  클래스 [향사수] 완료: 100명 (343/350)
  클래스별 합계: 700명

[50/50] 27-5 (LIVE_W27_R5)
  전체 랭킹 완료: 100명
  결사 랭킹 완료: 50개
  클래스 [심연추방자] 완료: 100명 (344/350)
  클래스 [집행관] 완료: 100명 (345/350)
  클래스 [태양감시자] 완료: 100명 (346/350)
  클래스 [주문각인사] 완료: 100명 (347/350)
  클래스 [환영검사] 완료: 100명 (348/350)
  클래스 [야만투사] 완료: 100명 (349/350)
  클래스 [향사수] 완료: 100명 (350/350)
  클래스별 합계: 700명

==================================================================
추출 완료
갱신 시간: 2026-06-25 11:11:12 (KST)
전체 랭킹: 5,000명
결사 랭킹: 2,500개
클래스별 랭킹: 34,089명
전체 JSON: /home/runner/work/PrasiaLab_guild_Trace/PrasiaLab_guild_Trace/data/Who_are_you.json
결사 JSON: /home/runner/work/PrasiaLab_guild_Trace/PrasiaLab_guild_Trace/data/Who_are_you_guild.json
클래스 JSON: /home/runner/work/PrasiaLab_guild_Trace/PrasiaLab_guild_Trace/data/Who_are_you_class.json
상태 JSON: /home/runner/work/PrasiaLab_guild_Trace/PrasiaLab_guild_Trace/data/ranking_update_status.json
결사 점수 JSON: /home/runner/work/PrasiaLab_guild_Trace/PrasiaLab_guild_Trace/data/Who_are_you_guild_score.json
결사 점수 순위: 3,583개
전체 랭킹 실패: 0건
결사 랭킹 실패: 0건
클래스 요청 실패: 0건
==================================================================

[2026-06-25 02:14:21] STEP: 랭킹 데이터 스냅샷 저장
CMD: /opt/hostedtoolcache/Python/3.12.13/x64/bin/python /home/runner/work/PrasiaLab_guild_Trace/PrasiaLab_guild_Trace/scripts/01_collect_snapshot.py --snapshot-id 2026-06-25_1110 --guild-source data/Who_are_you_guild_score.json
STDOUT:
[OK] snapshot saved: /home/runner/work/PrasiaLab_guild_Trace/PrasiaLab_guild_Trace/data/snapshots/2026-06-25_1110
[OK] guild count: 3,583

[2026-06-25 02:14:22] STEP: 결사 점수 계산
CMD: /opt/hostedtoolcache/Python/3.12.13/x64/bin/python /home/runner/work/PrasiaLab_guild_Trace/PrasiaLab_guild_Trace/scripts/02_build_guild_score.py --snapshot-id 2026-06-25_1110
STDOUT:
[OK] guild score saved: /home/runner/work/PrasiaLab_guild_Trace/PrasiaLab_guild_Trace/data/Who_are_you_guild_score.json
[OK] guild count: 3,583
================================================================================
START: 2026-06-25 02:51:39
ROOT: /home/runner/work/PrasiaLab_guild_Trace/PrasiaLab_guild_Trace
PYTHON: /opt/hostedtoolcache/Python/3.12.13/x64/bin/python

[2026-06-25 02:51:39] STEP: 원천 랭킹 데이터 추출
CMD: /opt/hostedtoolcache/Python/3.12.13/x64/bin/python /home/runner/work/PrasiaLab_guild_Trace/PrasiaLab_guild_Trace/scripts/00_fetch_rankings.py
STDOUT:
==================================================================
너 누구야 - 전체 서버 일반/결사/클래스 랭킹 통합 추출
추출 시작: 2026-06-25 11:51:40 (KST)
대상 서버: 50개
클래스 요청: 350회
==================================================================

[01/50] 2-1 (LIVE_W02_R1)
  전체 랭킹 완료: 100명
  결사 랭킹 완료: 50개
  클래스 [심연추방자] 완료: 100명 (1/350)
  클래스 [집행관] 완료: 100명 (2/350)
  클래스 [태양감시자] 완료: 100명 (3/350)
  클래스 [주문각인사] 완료: 100명 (4/350)
  클래스 [환영검사] 완료: 100명 (5/350)
  클래스 [야만투사] 완료: 100명 (6/350)
  클래스 [향사수] 완료: 100명 (7/350)
  클래스별 합계: 700명

[02/50] 2-2 (LIVE_W02_R2)
  전체 랭킹 완료: 100명
  결사 랭킹 완료: 50개
  클래스 [심연추방자] 완료: 100명 (8/350)
  클래스 [집행관] 완료: 100명 (9/350)
  클래스 [태양감시자] 완료: 100명 (10/350)
  클래스 [주문각인사] 완료: 100명 (11/350)
  클래스 [환영검사] 완료: 100명 (12/350)
  클래스 [야만투사] 완료: 100명 (13/350)
  클래스 [향사수] 완료: 100명 (14/350)
  클래스별 합계: 700명

[03/50] 2-3 (LIVE_W02_R3)
  전체 랭킹 완료: 100명
  결사 랭킹 완료: 50개
  클래스 [심연추방자] 완료: 100명 (15/350)
  클래스 [집행관] 완료: 100명 (16/350)
  클래스 [태양감시자] 완료: 100명 (17/350)
  클래스 [주문각인사] 완료: 100명 (18/350)
  클래스 [환영검사] 완료: 100명 (19/350)
  클래스 [야만투사] 완료: 100명 (20/350)
  클래스 [향사수] 완료: 100명 (21/350)
  클래스별 합계: 700명

[04/50] 2-4 (LIVE_W02_R4)
  전체 랭킹 완료: 100명
  결사 랭킹 완료: 50개
  클래스 [심연추방자] 완료: 100명 (22/350)
  클래스 [집행관] 완료: 100명 (23/350)
  클래스 [태양감시자] 완료: 100명 (24/350)
  클래스 [주문각인사] 완료: 100명 (25/350)
  클래스 [환영검사] 완료: 100명 (26/350)
  클래스 [야만투사] 완료: 98명 (27/350)
  클래스 [향사수] 완료: 100명 (28/350)
  클래스별 합계: 698명

[05/50] 2-5 (LIVE_W02_R5)
  전체 랭킹 완료: 100명
  결사 랭킹 완료: 50개
  클래스 [심연추방자] 완료: 100명 (29/350)
  클래스 [집행관] 완료: 100명 (30/350)
  클래스 [태양감시자] 완료: 100명 (31/350)
  클래스 [주문각인사] 완료: 100명 (32/350)
  클래스 [환영검사] 완료: 100명 (33/350)
  클래스 [야만투사] 완료: 100명 (34/350)
  클래스 [향사수] 완료: 100명 (35/350)
  클래스별 합계: 700명

[06/50] 3-1 (LIVE_W03_R1)
  전체 랭킹 완료: 100명
  결사 랭킹 완료: 50개
  클래스 [심연추방자] 완료: 100명 (36/350)
  클래스 [집행관] 완료: 100명 (37/350)
  클래스 [태양감시자] 완료: 100명 (38/350)
  클래스 [주문각인사] 완료: 100명 (39/350)
  클래스 [환영검사] 완료: 100명 (40/350)
  클래스 [야만투사] 완료: 100명 (41/350)
  클래스 [향사수] 완료: 100명 (42/350)
  클래스별 합계: 700명

[07/50] 3-2 (LIVE_W03_R2)
  전체 랭킹 완료: 100명
  결사 랭킹 완료: 50개
  클래스 [심연추방자] 완료: 100명 (43/350)
  클래스 [집행관] 완료: 100명 (44/350)
  클래스 [태양감시자] 완료: 100명 (45/350)
  클래스 [주문각인사] 완료: 100명 (46/350)
  클래스 [환영검사] 완료: 100명 (47/350)
  클래스 [야만투사] 완료: 100명 (48/350)
  클래스 [향사수] 완료: 100명 (49/350)
  클래스별 합계: 700명

[08/50] 3-3 (LIVE_W03_R3)
  전체 랭킹 완료: 100명
  결사 랭킹 완료: 50개
  클래스 [심연추방자] 완료: 100명 (50/350)
  클래스 [집행관] 완료: 100명 (51/350)
  클래스 [태양감시자] 완료: 100명 (52/350)
  클래스 [주문각인사] 완료: 100명 (53/350)
  클래스 [환영검사] 완료: 100명 (54/350)
  클래스 [야만투사] 완료: 100명 (55/350)
  클래스 [향사수] 완료: 100명 (56/350)
  클래스별 합계: 700명

[09/50] 3-4 (LIVE_W03_R4)
  전체 랭킹 완료: 100명
  결사 랭킹 완료: 50개
  클래스 [심연추방자] 완료: 100명 (57/350)
  클래스 [집행관] 완료: 100명 (58/350)
  클래스 [태양감시자] 완료: 100명 (59/350)
  클래스 [주문각인사] 완료: 100명 (60/350)
  클래스 [환영검사] 완료: 100명 (61/350)
  클래스 [야만투사] 완료: 100명 (62/350)
  클래스 [향사수] 완료: 100명 (63/350)
  클래스별 합계: 700명

[10/50] 3-5 (LIVE_W03_R5)
  전체 랭킹 완료: 100명
  결사 랭킹 완료: 50개
  클래스 [심연추방자] 완료: 100명 (64/350)
  클래스 [집행관] 완료: 100명 (65/350)
  클래스 [태양감시자] 완료: 100명 (66/350)
  클래스 [주문각인사] 완료: 100명 (67/350)
  클래스 [환영검사] 완료: 100명 (68/350)
  클래스 [야만투사] 완료: 100명 (69/350)
  클래스 [향사수] 완료: 100명 (70/350)
  클래스별 합계: 700명

[11/50] 5-1 (LIVE_W05_R1)
  전체 랭킹 완료: 100명
  결사 랭킹 완료: 50개
  클래스 [심연추방자] 완료: 100명 (71/350)
  클래스 [집행관] 완료: 100명 (72/350)
  클래스 [태양감시자] 완료: 100명 (73/350)
  클래스 [주문각인사] 완료: 100명 (74/350)
  클래스 [환영검사] 완료: 100명 (75/350)
  클래스 [야만투사] 완료: 100명 (76/350)
  클래스 [향사수] 완료: 100명 (77/350)
  클래스별 합계: 700명

[12/50] 5-2 (LIVE_W05_R2)
  전체 랭킹 완료: 100명
  결사 랭킹 완료: 50개
  클래스 [심연추방자] 완료: 100명 (78/350)
  클래스 [집행관] 완료: 100명 (79/350)
    재시도 1/2: ('Connection aborted.', RemoteDisconnected('Remote end closed connection without response'))
  클래스 [태양감시자] 완료: 100명 (80/350)
  클래스 [주문각인사] 완료: 100명 (81/350)
  클래스 [환영검사] 완료: 100명 (82/350)
  클래스 [야만투사] 완료: 99명 (83/350)
  클래스 [향사수] 완료: 100명 (84/350)
  클래스별 합계: 699명

[13/50] 5-3 (LIVE_W05_R3)
  전체 랭킹 완료: 100명
  결사 랭킹 완료: 50개
  클래스 [심연추방자] 완료: 100명 (85/350)
  클래스 [집행관] 완료: 100명 (86/350)
  클래스 [태양감시자] 완료: 100명 (87/350)
  클래스 [주문각인사] 완료: 100명 (88/350)
  클래스 [환영검사] 완료: 100명 (89/350)
  클래스 [야만투사] 완료: 71명 (90/350)
  클래스 [향사수] 완료: 100명 (91/350)
  클래스별 합계: 671명

[14/50] 5-4 (LIVE_W05_R4)
  전체 랭킹 완료: 100명
  결사 랭킹 완료: 50개
  클래스 [심연추방자] 완료: 100명 (92/350)
  클래스 [집행관] 완료: 100명 (93/350)
  클래스 [태양감시자] 완료: 100명 (94/350)
  클래스 [주문각인사] 완료: 100명 (95/350)
  클래스 [환영검사] 완료: 100명 (96/350)
  클래스 [야만투사] 완료: 100명 (97/350)
  클래스 [향사수] 완료: 100명 (98/350)
  클래스별 합계: 700명

[15/50] 5-5 (LIVE_W05_R5)
  전체 랭킹 완료: 100명
  결사 랭킹 완료: 50개
  클래스 [심연추방자] 완료: 100명 (99/350)
  클래스 [집행관] 완료: 100명 (100/350)
  클래스 [태양감시자] 완료: 100명 (101/350)
  클래스 [주문각인사] 완료: 100명 (102/350)
  클래스 [환영검사] 완료: 100명 (103/350)
  클래스 [야만투사] 완료: 59명 (104/350)
  클래스 [향사수] 완료: 100명 (105/350)
  클래스별 합계: 659명

[16/50] 8-1 (LIVE_W08_R1)
  전체 랭킹 완료: 100명
  결사 랭킹 완료: 50개
  클래스 [심연추방자] 완료: 100명 (106/350)
  클래스 [집행관] 완료: 100명 (107/350)
  클래스 [태양감시자] 완료: 100명 (108/350)
  클래스 [주문각인사] 완료: 100명 (109/350)
  클래스 [환영검사] 완료: 100명 (110/350)
  클래스 [야만투사] 완료: 100명 (111/350)
  클래스 [향사수] 완료: 100명 (112/350)
  클래스별 합계: 700명

[17/50] 8-2 (LIVE_W08_R2)
  전체 랭킹 완료: 100명
  결사 랭킹 완료: 50개
  클래스 [심연추방자] 완료: 100명 (113/350)
  클래스 [집행관] 완료: 100명 (114/350)
  클래스 [태양감시자] 완료: 100명 (115/350)
  클래스 [주문각인사] 완료: 100명 (116/350)
  클래스 [환영검사] 완료: 100명 (117/350)
  클래스 [야만투사] 완료: 77명 (118/350)
  클래스 [향사수] 완료: 100명 (119/350)
  클래스별 합계: 677명

[18/50] 8-3 (LIVE_W08_R3)
  전체 랭킹 완료: 100명
  결사 랭킹 완료: 50개
  클래스 [심연추방자] 완료: 100명 (120/350)
  클래스 [집행관] 완료: 100명 (121/350)
  클래스 [태양감시자] 완료: 100명 (122/350)
  클래스 [주문각인사] 완료: 100명 (123/350)
  클래스 [환영검사] 완료: 100명 (124/350)
  클래스 [야만투사] 완료: 91명 (125/350)
  클래스 [향사수] 완료: 100명 (126/350)
  클래스별 합계: 691명

[19/50] 8-4 (LIVE_W08_R4)
  전체 랭킹 완료: 100명
  결사 랭킹 완료: 50개
  클래스 [심연추방자] 완료: 100명 (127/350)
  클래스 [집행관] 완료: 100명 (128/350)
  클래스 [태양감시자] 완료: 100명 (129/350)
  클래스 [주문각인사] 완료: 100명 (130/350)
  클래스 [환영검사] 완료: 100명 (131/350)
  클래스 [야만투사] 완료: 63명 (132/350)
  클래스 [향사수] 완료: 100명 (133/350)
  클래스별 합계: 663명

[20/50] 8-5 (LIVE_W08_R5)
  전체 랭킹 완료: 100명
  결사 랭킹 완료: 50개
  클래스 [심연추방자] 완료: 100명 (134/350)
  클래스 [집행관] 완료: 100명 (135/350)
  클래스 [태양감시자] 완료: 100명 (136/350)
  클래스 [주문각인사] 완료: 100명 (137/350)
  클래스 [환영검사] 완료: 100명 (138/350)
  클래스 [야만투사] 완료: 80명 (139/350)
  클래스 [향사수] 완료: 100명 (140/350)
  클래스별 합계: 680명

[21/50] 10-1 (LIVE_W10_R1)
  전체 랭킹 완료: 100명
  결사 랭킹 완료: 50개
  클래스 [심연추방자] 완료: 100명 (141/350)
  클래스 [집행관] 완료: 100명 (142/350)
  클래스 [태양감시자] 완료: 100명 (143/350)
  클래스 [주문각인사] 완료: 100명 (144/350)
  클래스 [환영검사] 완료: 100명 (145/350)
  클래스 [야만투사] 완료: 73명 (146/350)
  클래스 [향사수] 완료: 100명 (147/350)
  클래스별 합계: 673명

[22/50] 10-2 (LIVE_W10_R2)
  전체 랭킹 완료: 100명
  결사 랭킹 완료: 50개
  클래스 [심연추방자] 완료: 100명 (148/350)
  클래스 [집행관] 완료: 100명 (149/350)
  클래스 [태양감시자] 완료: 100명 (150/350)
  클래스 [주문각인사] 완료: 100명 (151/350)
  클래스 [환영검사] 완료: 100명 (152/350)
  클래스 [야만투사] 완료: 72명 (153/350)
  클래스 [향사수] 완료: 100명 (154/350)
  클래스별 합계: 672명

[23/50] 10-3 (LIVE_W10_R3)
  전체 랭킹 완료: 100명
  결사 랭킹 완료: 50개
  클래스 [심연추방자] 완료: 100명 (155/350)
  클래스 [집행관] 완료: 100명 (156/350)
  클래스 [태양감시자] 완료: 100명 (157/350)
  클래스 [주문각인사] 완료: 100명 (158/350)
  클래스 [환영검사] 완료: 100명 (159/350)
  클래스 [야만투사] 완료: 34명 (160/350)
  클래스 [향사수] 완료: 100명 (161/350)
  클래스별 합계: 634명

[24/50] 10-4 (LIVE_W10_R4)
  전체 랭킹 완료: 100명
  결사 랭킹 완료: 50개
  클래스 [심연추방자] 완료: 100명 (162/350)
  클래스 [집행관] 완료: 100명 (163/350)
  클래스 [태양감시자] 완료: 100명 (164/350)
  클래스 [주문각인사] 완료: 100명 (165/350)
  클래스 [환영검사] 완료: 100명 (166/350)
  클래스 [야만투사] 완료: 100명 (167/350)
  클래스 [향사수] 완료: 100명 (168/350)
  클래스별 합계: 700명

[25/50] 10-5 (LIVE_W10_R5)
  전체 랭킹 완료: 100명
  결사 랭킹 완료: 50개
  클래스 [심연추방자] 완료: 100명 (169/350)
  클래스 [집행관] 완료: 100명 (170/350)
  클래스 [태양감시자] 완료: 100명 (171/350)
  클래스 [주문각인사] 완료: 100명 (172/350)
  클래스 [환영검사] 완료: 100명 (173/350)
  클래스 [야만투사] 완료: 40명 (174/350)
  클래스 [향사수] 완료: 100명 (175/350)
  클래스별 합계: 640명

[26/50] 11-1 (LIVE_W11_R1)
  전체 랭킹 완료: 100명
  결사 랭킹 완료: 50개
  클래스 [심연추방자] 완료: 100명 (176/350)
  클래스 [집행관] 완료: 100명 (177/350)
  클래스 [태양감시자] 완료: 100명 (178/350)
  클래스 [주문각인사] 완료: 100명 (179/350)
  클래스 [환영검사] 완료: 100명 (180/350)
  클래스 [야만투사] 완료: 100명 (181/350)
  클래스 [향사수] 완료: 100명 (182/350)
  클래스별 합계: 700명

[27/50] 11-2 (LIVE_W11_R2)
  전체 랭킹 완료: 100명
  결사 랭킹 완료: 50개
  클래스 [심연추방자] 완료: 100명 (183/350)
  클래스 [집행관] 완료: 100명 (184/350)
  클래스 [태양감시자] 완료: 100명 (185/350)
  클래스 [주문각인사] 완료: 100명 (186/350)
  클래스 [환영검사] 완료: 100명 (187/350)
  클래스 [야만투사] 완료: 50명 (188/350)
  클래스 [향사수] 완료: 100명 (189/350)
  클래스별 합계: 650명

[28/50] 11-3 (LIVE_W11_R3)
  전체 랭킹 완료: 100명
  결사 랭킹 완료: 50개
  클래스 [심연추방자] 완료: 100명 (190/350)
  클래스 [집행관] 완료: 100명 (191/350)
  클래스 [태양감시자] 완료: 100명 (192/350)
  클래스 [주문각인사] 완료: 100명 (193/350)
  클래스 [환영검사] 완료: 100명 (194/350)
  클래스 [야만투사] 완료: 43명 (195/350)
  클래스 [향사수] 완료: 100명 (196/350)
  클래스별 합계: 643명

[29/50] 11-4 (LIVE_W11_R4)
  전체 랭킹 완료: 100명
  결사 랭킹 완료: 50개
  클래스 [심연추방자] 완료: 100명 (197/350)
  클래스 [집행관] 완료: 100명 (198/350)
  클래스 [태양감시자] 완료: 100명 (199/350)
  클래스 [주문각인사] 완료: 100명 (200/350)
  클래스 [환영검사] 완료: 100명 (201/350)
  클래스 [야만투사] 완료: 85명 (202/350)
  클래스 [향사수] 완료: 100명 (203/350)
  클래스별 합계: 685명

[30/50] 11-5 (LIVE_W11_R5)
  전체 랭킹 완료: 100명
  결사 랭킹 완료: 50개
  클래스 [심연추방자] 완료: 100명 (204/350)
  클래스 [집행관] 완료: 100명 (205/350)
  클래스 [태양감시자] 완료: 100명 (206/350)
  클래스 [주문각인사] 완료: 100명 (207/350)
  클래스 [환영검사] 완료: 100명 (208/350)
  클래스 [야만투사] 완료: 83명 (209/350)
  클래스 [향사수] 완료: 100명 (210/350)
  클래스별 합계: 683명

[31/50] 12-1 (LIVE_W12_R1)
  전체 랭킹 완료: 100명
    재시도 1/2: ('Connection aborted.', RemoteDisconnected('Remote end closed connection without response'))
  결사 랭킹 완료: 50개
  클래스 [심연추방자] 완료: 100명 (211/350)
  클래스 [집행관] 완료: 100명 (212/350)
  클래스 [태양감시자] 완료: 100명 (213/350)
  클래스 [주문각인사] 완료: 100명 (214/350)
  클래스 [환영검사] 완료: 100명 (215/350)
  클래스 [야만투사] 완료: 62명 (216/350)
  클래스 [향사수] 완료: 100명 (217/350)
  클래스별 합계: 662명

[32/50] 12-2 (LIVE_W12_R2)
  전체 랭킹 완료: 100명
  결사 랭킹 완료: 50개
  클래스 [심연추방자] 완료: 100명 (218/350)
  클래스 [집행관] 완료: 100명 (219/350)
  클래스 [태양감시자] 완료: 100명 (220/350)
  클래스 [주문각인사] 완료: 100명 (221/350)
  클래스 [환영검사] 완료: 100명 (222/350)
  클래스 [야만투사] 완료: 86명 (223/350)
  클래스 [향사수] 완료: 100명 (224/350)
  클래스별 합계: 686명

[33/50] 12-3 (LIVE_W12_R3)
  전체 랭킹 완료: 100명
  결사 랭킹 완료: 50개
  클래스 [심연추방자] 완료: 100명 (225/350)
  클래스 [집행관] 완료: 100명 (226/350)
  클래스 [태양감시자] 완료: 100명 (227/350)
  클래스 [주문각인사] 완료: 100명 (228/350)
  클래스 [환영검사] 완료: 100명 (229/350)
  클래스 [야만투사] 완료: 45명 (230/350)
  클래스 [향사수] 완료: 100명 (231/350)
  클래스별 합계: 645명

[34/50] 12-4 (LIVE_W12_R4)
  전체 랭킹 완료: 100명
  결사 랭킹 완료: 50개
  클래스 [심연추방자] 완료: 100명 (232/350)
  클래스 [집행관] 완료: 100명 (233/350)
  클래스 [태양감시자] 완료: 100명 (234/350)
  클래스 [주문각인사] 완료: 100명 (235/350)
  클래스 [환영검사] 완료: 100명 (236/350)
  클래스 [야만투사] 완료: 86명 (237/350)
  클래스 [향사수] 완료: 100명 (238/350)
  클래스별 합계: 686명

[35/50] 12-5 (LIVE_W12_R5)
  전체 랭킹 완료: 100명
  결사 랭킹 완료: 50개
  클래스 [심연추방자] 완료: 100명 (239/350)
  클래스 [집행관] 완료: 100명 (240/350)
  클래스 [태양감시자] 완료: 100명 (241/350)
  클래스 [주문각인사] 완료: 100명 (242/350)
  클래스 [환영검사] 완료: 100명 (243/350)
  클래스 [야만투사] 완료: 43명 (244/350)
  클래스 [향사수] 완료: 100명 (245/350)
  클래스별 합계: 643명

[36/50] 14-1 (LIVE_W14_R1)
  전체 랭킹 완료: 100명
  결사 랭킹 완료: 50개
  클래스 [심연추방자] 완료: 100명 (246/350)
  클래스 [집행관] 완료: 100명 (247/350)
  클래스 [태양감시자] 완료: 100명 (248/350)
  클래스 [주문각인사] 완료: 100명 (249/350)
  클래스 [환영검사] 완료: 100명 (250/350)
  클래스 [야만투사] 완료: 100명 (251/350)
  클래스 [향사수] 완료: 100명 (252/350)
  클래스별 합계: 700명

[37/50] 14-2 (LIVE_W14_R2)
  전체 랭킹 완료: 100명
  결사 랭킹 완료: 50개
  클래스 [심연추방자] 완료: 100명 (253/350)
  클래스 [집행관] 완료: 100명 (254/350)
  클래스 [태양감시자] 완료: 100명 (255/350)
  클래스 [주문각인사] 완료: 100명 (256/350)
  클래스 [환영검사] 완료: 100명 (257/350)
  클래스 [야만투사] 완료: 47명 (258/350)
  클래스 [향사수] 완료: 100명 (259/350)
  클래스별 합계: 647명

[38/50] 14-3 (LIVE_W14_R3)
  전체 랭킹 완료: 100명
  결사 랭킹 완료: 50개
  클래스 [심연추방자] 완료: 100명 (260/350)
  클래스 [집행관] 완료: 100명 (261/350)
  클래스 [태양감시자] 완료: 100명 (262/350)
  클래스 [주문각인사] 완료: 100명 (263/350)
  클래스 [환영검사] 완료: 100명 (264/350)
  클래스 [야만투사] 완료: 67명 (265/350)
  클래스 [향사수] 완료: 100명 (266/350)
  클래스별 합계: 667명

[39/50] 14-4 (LIVE_W14_R4)
  전체 랭킹 완료: 100명
  결사 랭킹 완료: 50개
  클래스 [심연추방자] 완료: 100명 (267/350)
  클래스 [집행관] 완료: 100명 (268/350)
  클래스 [태양감시자] 완료: 100명 (269/350)
  클래스 [주문각인사] 완료: 100명 (270/350)
  클래스 [환영검사] 완료: 100명 (271/350)
  클래스 [야만투사] 완료: 98명 (272/350)
  클래스 [향사수] 완료: 100명 (273/350)
  클래스별 합계: 698명

[40/50] 14-5 (LIVE_W14_R5)
  전체 랭킹 완료: 100명
  결사 랭킹 완료: 50개
  클래스 [심연추방자] 완료: 100명 (274/350)
  클래스 [집행관] 완료: 100명 (275/350)
  클래스 [태양감시자] 완료: 100명 (276/350)
  클래스 [주문각인사] 완료: 100명 (277/350)
  클래스 [환영검사] 완료: 100명 (278/350)
  클래스 [야만투사] 완료: 75명 (279/350)
  클래스 [향사수] 완료: 100명 (280/350)
  클래스별 합계: 675명

[41/50] 16-1 (LIVE_W16_R1)
  전체 랭킹 완료: 100명
  결사 랭킹 완료: 50개
  클래스 [심연추방자] 완료: 100명 (281/350)
  클래스 [집행관] 완료: 100명 (282/350)
  클래스 [태양감시자] 완료: 100명 (283/350)
  클래스 [주문각인사] 완료: 100명 (284/350)
  클래스 [환영검사] 완료: 100명 (285/350)
  클래스 [야만투사] 완료: 76명 (286/350)
  클래스 [향사수] 완료: 100명 (287/350)
  클래스별 합계: 676명

[42/50] 16-2 (LIVE_W16_R2)
  전체 랭킹 완료: 100명
  결사 랭킹 완료: 50개
  클래스 [심연추방자] 완료: 100명 (288/350)
  클래스 [집행관] 완료: 100명 (289/350)
  클래스 [태양감시자] 완료: 100명 (290/350)
  클래스 [주문각인사] 완료: 100명 (291/350)
  클래스 [환영검사] 완료: 100명 (292/350)
  클래스 [야만투사] 완료: 56명 (293/350)
  클래스 [향사수] 완료: 100명 (294/350)
  클래스별 합계: 656명

[43/50] 16-3 (LIVE_W16_R3)
  전체 랭킹 완료: 100명
  결사 랭킹 완료: 50개
  클래스 [심연추방자] 완료: 100명 (295/350)
  클래스 [집행관] 완료: 100명 (296/350)
  클래스 [태양감시자] 완료: 100명 (297/350)
  클래스 [주문각인사] 완료: 100명 (298/350)
  클래스 [환영검사] 완료: 100명 (299/350)
  클래스 [야만투사] 완료: 65명 (300/350)
  클래스 [향사수] 완료: 100명 (301/350)
  클래스별 합계: 665명

[44/50] 16-4 (LIVE_W16_R4)
  전체 랭킹 완료: 100명
  결사 랭킹 완료: 50개
  클래스 [심연추방자] 완료: 100명 (302/350)
  클래스 [집행관] 완료: 100명 (303/350)
  클래스 [태양감시자] 완료: 100명 (304/350)
  클래스 [주문각인사] 완료: 100명 (305/350)
  클래스 [환영검사] 완료: 100명 (306/350)
  클래스 [야만투사] 완료: 65명 (307/350)
  클래스 [향사수] 완료: 100명 (308/350)
  클래스별 합계: 665명

[45/50] 16-5 (LIVE_W16_R5)
  전체 랭킹 완료: 100명
  결사 랭킹 완료: 50개
  클래스 [심연추방자] 완료: 100명 (309/350)
  클래스 [집행관] 완료: 100명 (310/350)
  클래스 [태양감시자] 완료: 100명 (311/350)
  클래스 [주문각인사] 완료: 100명 (312/350)
  클래스 [환영검사] 완료: 100명 (313/350)
  클래스 [야만투사] 완료: 100명 (314/350)
  클래스 [향사수] 완료: 100명 (315/350)
  클래스별 합계: 700명

[46/50] 27-1 (LIVE_W27_R1)
  전체 랭킹 완료: 100명
  결사 랭킹 완료: 50개
  클래스 [심연추방자] 완료: 100명 (316/350)
  클래스 [집행관] 완료: 100명 (317/350)
  클래스 [태양감시자] 완료: 100명 (318/350)
  클래스 [주문각인사] 완료: 100명 (319/350)
  클래스 [환영검사] 완료: 100명 (320/350)
  클래스 [야만투사] 완료: 100명 (321/350)
  클래스 [향사수] 완료: 100명 (322/350)
  클래스별 합계: 700명

[47/50] 27-2 (LIVE_W27_R2)
  전체 랭킹 완료: 100명
  결사 랭킹 완료: 50개
  클래스 [심연추방자] 완료: 100명 (323/350)
  클래스 [집행관] 완료: 100명 (324/350)
  클래스 [태양감시자] 완료: 100명 (325/350)
  클래스 [주문각인사] 완료: 100명 (326/350)
  클래스 [환영검사] 완료: 100명 (327/350)
  클래스 [야만투사] 완료: 100명 (328/350)
  클래스 [향사수] 완료: 100명 (329/350)
  클래스별 합계: 700명

[48/50] 27-3 (LIVE_W27_R3)
  전체 랭킹 완료: 100명
  결사 랭킹 완료: 50개
  클래스 [심연추방자] 완료: 100명 (330/350)
  클래스 [집행관] 완료: 100명 (331/350)
  클래스 [태양감시자] 완료: 100명 (332/350)
  클래스 [주문각인사] 완료: 100명 (333/350)
  클래스 [환영검사] 완료: 100명 (334/350)
  클래스 [야만투사] 완료: 100명 (335/350)
  클래스 [향사수] 완료: 100명 (336/350)
  클래스별 합계: 700명

[49/50] 27-4 (LIVE_W27_R4)
  전체 랭킹 완료: 100명
  결사 랭킹 완료: 50개
  클래스 [심연추방자] 완료: 100명 (337/350)
  클래스 [집행관] 완료: 100명 (338/350)
  클래스 [태양감시자] 완료: 100명 (339/350)
  클래스 [주문각인사] 완료: 100명 (340/350)
  클래스 [환영검사] 완료: 100명 (341/350)
  클래스 [야만투사] 완료: 100명 (342/350)
  클래스 [향사수] 완료: 100명 (343/350)
  클래스별 합계: 700명

[50/50] 27-5 (LIVE_W27_R5)
  전체 랭킹 완료: 100명
  결사 랭킹 완료: 50개
  클래스 [심연추방자] 완료: 100명 (344/350)
  클래스 [집행관] 완료: 100명 (345/350)
  클래스 [태양감시자] 완료: 100명 (346/350)
  클래스 [주문각인사] 완료: 100명 (347/350)
  클래스 [환영검사] 완료: 100명 (348/350)
  클래스 [야만투사] 완료: 100명 (349/350)
  클래스 [향사수] 완료: 100명 (350/350)
  클래스별 합계: 700명

==================================================================
추출 완료
갱신 시간: 2026-06-25 11:51:40 (KST)
전체 랭킹: 5,000명
결사 랭킹: 2,500개
클래스별 랭킹: 34,089명
전체 JSON: /home/runner/work/PrasiaLab_guild_Trace/PrasiaLab_guild_Trace/data/Who_are_you.json
결사 JSON: /home/runner/work/PrasiaLab_guild_Trace/PrasiaLab_guild_Trace/data/Who_are_you_guild.json
클래스 JSON: /home/runner/work/PrasiaLab_guild_Trace/PrasiaLab_guild_Trace/data/Who_are_you_class.json
상태 JSON: /home/runner/work/PrasiaLab_guild_Trace/PrasiaLab_guild_Trace/data/ranking_update_status.json
결사 점수 JSON: /home/runner/work/PrasiaLab_guild_Trace/PrasiaLab_guild_Trace/data/Who_are_you_guild_score.json
결사 점수 순위: 3,586개
전체 랭킹 실패: 0건
결사 랭킹 실패: 0건
클래스 요청 실패: 0건
==================================================================

[2026-06-25 02:54:25] STEP: 랭킹 데이터 스냅샷 저장
CMD: /opt/hostedtoolcache/Python/3.12.13/x64/bin/python /home/runner/work/PrasiaLab_guild_Trace/PrasiaLab_guild_Trace/scripts/01_collect_snapshot.py --snapshot-id 2026-05-26_1151 --guild-source data/Who_are_you_guild_score.json
STDOUT:
[OK] snapshot saved: /home/runner/work/PrasiaLab_guild_Trace/PrasiaLab_guild_Trace/data/snapshots/2026-05-26_1151
[OK] guild count: 3,586

[2026-06-25 02:54:26] STEP: 결사 점수 계산
CMD: /opt/hostedtoolcache/Python/3.12.13/x64/bin/python /home/runner/work/PrasiaLab_guild_Trace/PrasiaLab_guild_Trace/scripts/02_build_guild_score.py --snapshot-id 2026-05-26_1151
STDOUT:
[OK] guild score saved: /home/runner/work/PrasiaLab_guild_Trace/PrasiaLab_guild_Trace/data/Who_are_you_guild_score.json
[OK] guild count: 3,586
================================================================================
START: 2026-06-25 03:12:14
ROOT: /home/runner/work/PrasiaLab_guild_Trace/PrasiaLab_guild_Trace
PYTHON: /opt/hostedtoolcache/Python/3.12.13/x64/bin/python

[2026-06-25 03:12:14] STEP: 원천 랭킹 데이터 추출
CMD: /opt/hostedtoolcache/Python/3.12.13/x64/bin/python /home/runner/work/PrasiaLab_guild_Trace/PrasiaLab_guild_Trace/scripts/00_fetch_rankings.py
STDOUT:
==================================================================
너 누구야 - 전체 서버 일반/결사/클래스 랭킹 통합 추출
추출 시작: 2026-06-25 12:12:15 (KST)
대상 서버: 50개
클래스 요청: 350회
==================================================================

[01/50] 2-1 (LIVE_W02_R1)
  전체 랭킹 완료: 100명
  결사 랭킹 완료: 50개
  클래스 [심연추방자] 완료: 100명 (1/350)
  클래스 [집행관] 완료: 100명 (2/350)
  클래스 [태양감시자] 완료: 100명 (3/350)
  클래스 [주문각인사] 완료: 100명 (4/350)
  클래스 [환영검사] 완료: 100명 (5/350)
  클래스 [야만투사] 완료: 100명 (6/350)
  클래스 [향사수] 완료: 100명 (7/350)
  클래스별 합계: 700명

[02/50] 2-2 (LIVE_W02_R2)
  전체 랭킹 완료: 100명
  결사 랭킹 완료: 50개
  클래스 [심연추방자] 완료: 100명 (8/350)
  클래스 [집행관] 완료: 100명 (9/350)
  클래스 [태양감시자] 완료: 100명 (10/350)
  클래스 [주문각인사] 완료: 100명 (11/350)
  클래스 [환영검사] 완료: 100명 (12/350)
  클래스 [야만투사] 완료: 100명 (13/350)
  클래스 [향사수] 완료: 100명 (14/350)
  클래스별 합계: 700명

[03/50] 2-3 (LIVE_W02_R3)
  전체 랭킹 완료: 100명
  결사 랭킹 완료: 50개
  클래스 [심연추방자] 완료: 100명 (15/350)
  클래스 [집행관] 완료: 100명 (16/350)
  클래스 [태양감시자] 완료: 100명 (17/350)
  클래스 [주문각인사] 완료: 100명 (18/350)
  클래스 [환영검사] 완료: 100명 (19/350)
  클래스 [야만투사] 완료: 100명 (20/350)
  클래스 [향사수] 완료: 100명 (21/350)
  클래스별 합계: 700명

[04/50] 2-4 (LIVE_W02_R4)
  전체 랭킹 완료: 100명
  결사 랭킹 완료: 50개
  클래스 [심연추방자] 완료: 100명 (22/350)
  클래스 [집행관] 완료: 100명 (23/350)
  클래스 [태양감시자] 완료: 100명 (24/350)
  클래스 [주문각인사] 완료: 100명 (25/350)
  클래스 [환영검사] 완료: 100명 (26/350)
  클래스 [야만투사] 완료: 98명 (27/350)
  클래스 [향사수] 완료: 100명 (28/350)
  클래스별 합계: 698명

[05/50] 2-5 (LIVE_W02_R5)
  전체 랭킹 완료: 100명
  결사 랭킹 완료: 50개
  클래스 [심연추방자] 완료: 100명 (29/350)
  클래스 [집행관] 완료: 100명 (30/350)
  클래스 [태양감시자] 완료: 100명 (31/350)
  클래스 [주문각인사] 완료: 100명 (32/350)
  클래스 [환영검사] 완료: 100명 (33/350)
  클래스 [야만투사] 완료: 100명 (34/350)
  클래스 [향사수] 완료: 100명 (35/350)
  클래스별 합계: 700명

[06/50] 3-1 (LIVE_W03_R1)
  전체 랭킹 완료: 100명
  결사 랭킹 완료: 50개
  클래스 [심연추방자] 완료: 100명 (36/350)
  클래스 [집행관] 완료: 100명 (37/350)
  클래스 [태양감시자] 완료: 100명 (38/350)
  클래스 [주문각인사] 완료: 100명 (39/350)
  클래스 [환영검사] 완료: 100명 (40/350)
  클래스 [야만투사] 완료: 100명 (41/350)
  클래스 [향사수] 완료: 100명 (42/350)
  클래스별 합계: 700명

[07/50] 3-2 (LIVE_W03_R2)
  전체 랭킹 완료: 100명
  결사 랭킹 완료: 50개
  클래스 [심연추방자] 완료: 100명 (43/350)
  클래스 [집행관] 완료: 100명 (44/350)
  클래스 [태양감시자] 완료: 100명 (45/350)
  클래스 [주문각인사] 완료: 100명 (46/350)
  클래스 [환영검사] 완료: 100명 (47/350)
  클래스 [야만투사] 완료: 93명 (48/350)
  클래스 [향사수] 완료: 100명 (49/350)
  클래스별 합계: 693명

[08/50] 3-3 (LIVE_W03_R3)
  전체 랭킹 완료: 100명
  결사 랭킹 완료: 50개
  클래스 [심연추방자] 완료: 100명 (50/350)
  클래스 [집행관] 완료: 100명 (51/350)
  클래스 [태양감시자] 완료: 100명 (52/350)
  클래스 [주문각인사] 완료: 100명 (53/350)
  클래스 [환영검사] 완료: 100명 (54/350)
  클래스 [야만투사] 완료: 100명 (55/350)
  클래스 [향사수] 완료: 100명 (56/350)
  클래스별 합계: 700명

[09/50] 3-4 (LIVE_W03_R4)
  전체 랭킹 완료: 100명
  결사 랭킹 완료: 50개
  클래스 [심연추방자] 완료: 100명 (57/350)
  클래스 [집행관] 완료: 100명 (58/350)
  클래스 [태양감시자] 완료: 100명 (59/350)
  클래스 [주문각인사] 완료: 100명 (60/350)
  클래스 [환영검사] 완료: 100명 (61/350)
  클래스 [야만투사] 완료: 100명 (62/350)
  클래스 [향사수] 완료: 100명 (63/350)
  클래스별 합계: 700명

[10/50] 3-5 (LIVE_W03_R5)
  전체 랭킹 완료: 100명
  결사 랭킹 완료: 50개
  클래스 [심연추방자] 완료: 100명 (64/350)
  클래스 [집행관] 완료: 100명 (65/350)
  클래스 [태양감시자] 완료: 100명 (66/350)
  클래스 [주문각인사] 완료: 100명 (67/350)
  클래스 [환영검사] 완료: 100명 (68/350)
  클래스 [야만투사] 완료: 100명 (69/350)
  클래스 [향사수] 완료: 100명 (70/350)
  클래스별 합계: 700명

[11/50] 5-1 (LIVE_W05_R1)
  전체 랭킹 완료: 100명
  결사 랭킹 완료: 50개
  클래스 [심연추방자] 완료: 100명 (71/350)
  클래스 [집행관] 완료: 100명 (72/350)
  클래스 [태양감시자] 완료: 100명 (73/350)
  클래스 [주문각인사] 완료: 100명 (74/350)
  클래스 [환영검사] 완료: 100명 (75/350)
  클래스 [야만투사] 완료: 100명 (76/350)
  클래스 [향사수] 완료: 100명 (77/350)
  클래스별 합계: 700명

[12/50] 5-2 (LIVE_W05_R2)
  전체 랭킹 완료: 100명
  결사 랭킹 완료: 50개
  클래스 [심연추방자] 완료: 100명 (78/350)
  클래스 [집행관] 완료: 100명 (79/350)
  클래스 [태양감시자] 완료: 100명 (80/350)
  클래스 [주문각인사] 완료: 100명 (81/350)
  클래스 [환영검사] 완료: 100명 (82/350)
  클래스 [야만투사] 완료: 88명 (83/350)
  클래스 [향사수] 완료: 100명 (84/350)
  클래스별 합계: 688명

[13/50] 5-3 (LIVE_W05_R3)
  전체 랭킹 완료: 100명
  결사 랭킹 완료: 50개
  클래스 [심연추방자] 완료: 100명 (85/350)
  클래스 [집행관] 완료: 100명 (86/350)
  클래스 [태양감시자] 완료: 100명 (87/350)
  클래스 [주문각인사] 완료: 100명 (88/350)
  클래스 [환영검사] 완료: 100명 (89/350)
  클래스 [야만투사] 완료: 71명 (90/350)
  클래스 [향사수] 완료: 100명 (91/350)
  클래스별 합계: 671명

[14/50] 5-4 (LIVE_W05_R4)
  전체 랭킹 완료: 100명
  결사 랭킹 완료: 50개
  클래스 [심연추방자] 완료: 100명 (92/350)
  클래스 [집행관] 완료: 100명 (93/350)
  클래스 [태양감시자] 완료: 100명 (94/350)
  클래스 [주문각인사] 완료: 100명 (95/350)
  클래스 [환영검사] 완료: 100명 (96/350)
  클래스 [야만투사] 완료: 100명 (97/350)
  클래스 [향사수] 완료: 100명 (98/350)
  클래스별 합계: 700명

[15/50] 5-5 (LIVE_W05_R5)
  전체 랭킹 완료: 100명
  결사 랭킹 완료: 50개
  클래스 [심연추방자] 완료: 100명 (99/350)
  클래스 [집행관] 완료: 100명 (100/350)
  클래스 [태양감시자] 완료: 100명 (101/350)
  클래스 [주문각인사] 완료: 100명 (102/350)
  클래스 [환영검사] 완료: 100명 (103/350)
  클래스 [야만투사] 완료: 59명 (104/350)
  클래스 [향사수] 완료: 100명 (105/350)
  클래스별 합계: 659명

[16/50] 8-1 (LIVE_W08_R1)
  전체 랭킹 완료: 100명
  결사 랭킹 완료: 50개
  클래스 [심연추방자] 완료: 100명 (106/350)
  클래스 [집행관] 완료: 100명 (107/350)
  클래스 [태양감시자] 완료: 100명 (108/350)
  클래스 [주문각인사] 완료: 100명 (109/350)
  클래스 [환영검사] 완료: 100명 (110/350)
  클래스 [야만투사] 완료: 100명 (111/350)
  클래스 [향사수] 완료: 100명 (112/350)
  클래스별 합계: 700명

[17/50] 8-2 (LIVE_W08_R2)
  전체 랭킹 완료: 100명
  결사 랭킹 완료: 50개
  클래스 [심연추방자] 완료: 100명 (113/350)
  클래스 [집행관] 완료: 100명 (114/350)
  클래스 [태양감시자] 완료: 100명 (115/350)
  클래스 [주문각인사] 완료: 100명 (116/350)
  클래스 [환영검사] 완료: 100명 (117/350)
  클래스 [야만투사] 완료: 73명 (118/350)
  클래스 [향사수] 완료: 100명 (119/350)
  클래스별 합계: 673명

[18/50] 8-3 (LIVE_W08_R3)
  전체 랭킹 완료: 100명
  결사 랭킹 완료: 50개
  클래스 [심연추방자] 완료: 100명 (120/350)
  클래스 [집행관] 완료: 100명 (121/350)
  클래스 [태양감시자] 완료: 100명 (122/350)
  클래스 [주문각인사] 완료: 100명 (123/350)
  클래스 [환영검사] 완료: 100명 (124/350)
  클래스 [야만투사] 완료: 80명 (125/350)
  클래스 [향사수] 완료: 100명 (126/350)
  클래스별 합계: 680명

[19/50] 8-4 (LIVE_W08_R4)
  전체 랭킹 완료: 100명
  결사 랭킹 완료: 50개
  클래스 [심연추방자] 완료: 100명 (127/350)
  클래스 [집행관] 완료: 100명 (128/350)
  클래스 [태양감시자] 완료: 100명 (129/350)
  클래스 [주문각인사] 완료: 100명 (130/350)
    재시도 1/2: ('Connection aborted.', RemoteDisconnected('Remote end closed connection without response'))
  클래스 [환영검사] 완료: 100명 (131/350)
  클래스 [야만투사] 완료: 63명 (132/350)
  클래스 [향사수] 완료: 100명 (133/350)
  클래스별 합계: 663명

[20/50] 8-5 (LIVE_W08_R5)
  전체 랭킹 완료: 100명
  결사 랭킹 완료: 50개
  클래스 [심연추방자] 완료: 100명 (134/350)
  클래스 [집행관] 완료: 100명 (135/350)
  클래스 [태양감시자] 완료: 100명 (136/350)
  클래스 [주문각인사] 완료: 100명 (137/350)
  클래스 [환영검사] 완료: 100명 (138/350)
  클래스 [야만투사] 완료: 80명 (139/350)
  클래스 [향사수] 완료: 100명 (140/350)
  클래스별 합계: 680명

[21/50] 10-1 (LIVE_W10_R1)
  전체 랭킹 완료: 100명
  결사 랭킹 완료: 50개
  클래스 [심연추방자] 완료: 100명 (141/350)
  클래스 [집행관] 완료: 100명 (142/350)
  클래스 [태양감시자] 완료: 100명 (143/350)
  클래스 [주문각인사] 완료: 100명 (144/350)
  클래스 [환영검사] 완료: 100명 (145/350)
  클래스 [야만투사] 완료: 73명 (146/350)
  클래스 [향사수] 완료: 100명 (147/350)
  클래스별 합계: 673명

[22/50] 10-2 (LIVE_W10_R2)
  전체 랭킹 완료: 100명
  결사 랭킹 완료: 50개
  클래스 [심연추방자] 완료: 100명 (148/350)
  클래스 [집행관] 완료: 100명 (149/350)
  클래스 [태양감시자] 완료: 100명 (150/350)
  클래스 [주문각인사] 완료: 100명 (151/350)
  클래스 [환영검사] 완료: 100명 (152/350)
  클래스 [야만투사] 완료: 72명 (153/350)
  클래스 [향사수] 완료: 100명 (154/350)
  클래스별 합계: 672명

[23/50] 10-3 (LIVE_W10_R3)
  전체 랭킹 완료: 100명
  결사 랭킹 완료: 50개
  클래스 [심연추방자] 완료: 100명 (155/350)
  클래스 [집행관] 완료: 100명 (156/350)
  클래스 [태양감시자] 완료: 100명 (157/350)
  클래스 [주문각인사] 완료: 100명 (158/350)
  클래스 [환영검사] 완료: 100명 (159/350)
  클래스 [야만투사] 완료: 34명 (160/350)
  클래스 [향사수] 완료: 100명 (161/350)
  클래스별 합계: 634명

[24/50] 10-4 (LIVE_W10_R4)
  전체 랭킹 완료: 100명
  결사 랭킹 완료: 50개
  클래스 [심연추방자] 완료: 100명 (162/350)
    재시도 1/2: ('Connection aborted.', RemoteDisconnected('Remote end closed connection without response'))
  클래스 [집행관] 완료: 100명 (163/350)
  클래스 [태양감시자] 완료: 100명 (164/350)
  클래스 [주문각인사] 완료: 100명 (165/350)
  클래스 [환영검사] 완료: 100명 (166/350)
  클래스 [야만투사] 완료: 100명 (167/350)
  클래스 [향사수] 완료: 100명 (168/350)
  클래스별 합계: 700명

[25/50] 10-5 (LIVE_W10_R5)
  전체 랭킹 완료: 100명
  결사 랭킹 완료: 50개
  클래스 [심연추방자] 완료: 100명 (169/350)
  클래스 [집행관] 완료: 100명 (170/350)
  클래스 [태양감시자] 완료: 100명 (171/350)
  클래스 [주문각인사] 완료: 100명 (172/350)
  클래스 [환영검사] 완료: 100명 (173/350)
  클래스 [야만투사] 완료: 40명 (174/350)
  클래스 [향사수] 완료: 100명 (175/350)
  클래스별 합계: 640명

[26/50] 11-1 (LIVE_W11_R1)
  전체 랭킹 완료: 100명
  결사 랭킹 완료: 50개
  클래스 [심연추방자] 완료: 100명 (176/350)
  클래스 [집행관] 완료: 100명 (177/350)
  클래스 [태양감시자] 완료: 100명 (178/350)
  클래스 [주문각인사] 완료: 100명 (179/350)
  클래스 [환영검사] 완료: 100명 (180/350)
  클래스 [야만투사] 완료: 100명 (181/350)
  클래스 [향사수] 완료: 100명 (182/350)
  클래스별 합계: 700명

[27/50] 11-2 (LIVE_W11_R2)
  전체 랭킹 완료: 100명
  결사 랭킹 완료: 50개
  클래스 [심연추방자] 완료: 100명 (183/350)
  클래스 [집행관] 완료: 100명 (184/350)
  클래스 [태양감시자] 완료: 100명 (185/350)
  클래스 [주문각인사] 완료: 100명 (186/350)
  클래스 [환영검사] 완료: 100명 (187/350)
  클래스 [야만투사] 완료: 50명 (188/350)
  클래스 [향사수] 완료: 100명 (189/350)
  클래스별 합계: 650명

[28/50] 11-3 (LIVE_W11_R3)
  전체 랭킹 완료: 100명
  결사 랭킹 완료: 50개
  클래스 [심연추방자] 완료: 100명 (190/350)
  클래스 [집행관] 완료: 100명 (191/350)
  클래스 [태양감시자] 완료: 100명 (192/350)
  클래스 [주문각인사] 완료: 100명 (193/350)
  클래스 [환영검사] 완료: 100명 (194/350)
  클래스 [야만투사] 완료: 43명 (195/350)
  클래스 [향사수] 완료: 100명 (196/350)
  클래스별 합계: 643명

[29/50] 11-4 (LIVE_W11_R4)
  전체 랭킹 완료: 100명
  결사 랭킹 완료: 50개
  클래스 [심연추방자] 완료: 100명 (197/350)
  클래스 [집행관] 완료: 100명 (198/350)
  클래스 [태양감시자] 완료: 100명 (199/350)
  클래스 [주문각인사] 완료: 100명 (200/350)
  클래스 [환영검사] 완료: 100명 (201/350)
  클래스 [야만투사] 완료: 85명 (202/350)
  클래스 [향사수] 완료: 100명 (203/350)
  클래스별 합계: 685명

[30/50] 11-5 (LIVE_W11_R5)
  전체 랭킹 완료: 100명
  결사 랭킹 완료: 50개
  클래스 [심연추방자] 완료: 100명 (204/350)
  클래스 [집행관] 완료: 100명 (205/350)
  클래스 [태양감시자] 완료: 100명 (206/350)
  클래스 [주문각인사] 완료: 100명 (207/350)
  클래스 [환영검사] 완료: 100명 (208/350)
  클래스 [야만투사] 완료: 77명 (209/350)
  클래스 [향사수] 완료: 100명 (210/350)
  클래스별 합계: 677명

[31/50] 12-1 (LIVE_W12_R1)
  전체 랭킹 완료: 100명
  결사 랭킹 완료: 50개
  클래스 [심연추방자] 완료: 100명 (211/350)
  클래스 [집행관] 완료: 100명 (212/350)
  클래스 [태양감시자] 완료: 100명 (213/350)
  클래스 [주문각인사] 완료: 100명 (214/350)
  클래스 [환영검사] 완료: 100명 (215/350)
  클래스 [야만투사] 완료: 61명 (216/350)
  클래스 [향사수] 완료: 100명 (217/350)
  클래스별 합계: 661명

[32/50] 12-2 (LIVE_W12_R2)
  전체 랭킹 완료: 100명
  결사 랭킹 완료: 50개
  클래스 [심연추방자] 완료: 100명 (218/350)
  클래스 [집행관] 완료: 100명 (219/350)
  클래스 [태양감시자] 완료: 100명 (220/350)
  클래스 [주문각인사] 완료: 100명 (221/350)
  클래스 [환영검사] 완료: 100명 (222/350)
  클래스 [야만투사] 완료: 86명 (223/350)
  클래스 [향사수] 완료: 100명 (224/350)
  클래스별 합계: 686명

[33/50] 12-3 (LIVE_W12_R3)
  전체 랭킹 완료: 100명
  결사 랭킹 완료: 50개
  클래스 [심연추방자] 완료: 100명 (225/350)
  클래스 [집행관] 완료: 100명 (226/350)
  클래스 [태양감시자] 완료: 100명 (227/350)
  클래스 [주문각인사] 완료: 100명 (228/350)
  클래스 [환영검사] 완료: 100명 (229/350)
  클래스 [야만투사] 완료: 45명 (230/350)
  클래스 [향사수] 완료: 100명 (231/350)
  클래스별 합계: 645명

[34/50] 12-4 (LIVE_W12_R4)
  전체 랭킹 완료: 100명
  결사 랭킹 완료: 50개
  클래스 [심연추방자] 완료: 100명 (232/350)
  클래스 [집행관] 완료: 100명 (233/350)
  클래스 [태양감시자] 완료: 100명 (234/350)
  클래스 [주문각인사] 완료: 100명 (235/350)
  클래스 [환영검사] 완료: 100명 (236/350)
  클래스 [야만투사] 완료: 69명 (237/350)
  클래스 [향사수] 완료: 100명 (238/350)
  클래스별 합계: 669명

[35/50] 12-5 (LIVE_W12_R5)
  전체 랭킹 완료: 100명
  결사 랭킹 완료: 50개
  클래스 [심연추방자] 완료: 100명 (239/350)
  클래스 [집행관] 완료: 100명 (240/350)
  클래스 [태양감시자] 완료: 100명 (241/350)
  클래스 [주문각인사] 완료: 100명 (242/350)
  클래스 [환영검사] 완료: 100명 (243/350)
  클래스 [야만투사] 완료: 41명 (244/350)
  클래스 [향사수] 완료: 100명 (245/350)
  클래스별 합계: 641명

[36/50] 14-1 (LIVE_W14_R1)
  전체 랭킹 완료: 100명
  결사 랭킹 완료: 50개
  클래스 [심연추방자] 완료: 100명 (246/350)
  클래스 [집행관] 완료: 100명 (247/350)
  클래스 [태양감시자] 완료: 100명 (248/350)
  클래스 [주문각인사] 완료: 100명 (249/350)
  클래스 [환영검사] 완료: 100명 (250/350)
  클래스 [야만투사] 완료: 100명 (251/350)
  클래스 [향사수] 완료: 100명 (252/350)
  클래스별 합계: 700명

[37/50] 14-2 (LIVE_W14_R2)
  전체 랭킹 완료: 100명
  결사 랭킹 완료: 50개
  클래스 [심연추방자] 완료: 100명 (253/350)
  클래스 [집행관] 완료: 100명 (254/350)
  클래스 [태양감시자] 완료: 100명 (255/350)
  클래스 [주문각인사] 완료: 100명 (256/350)
  클래스 [환영검사] 완료: 100명 (257/350)
  클래스 [야만투사] 완료: 48명 (258/350)
  클래스 [향사수] 완료: 100명 (259/350)
  클래스별 합계: 648명

[38/50] 14-3 (LIVE_W14_R3)
  전체 랭킹 완료: 100명
  결사 랭킹 완료: 50개
  클래스 [심연추방자] 완료: 100명 (260/350)
  클래스 [집행관] 완료: 100명 (261/350)
  클래스 [태양감시자] 완료: 100명 (262/350)
  클래스 [주문각인사] 완료: 100명 (263/350)
  클래스 [환영검사] 완료: 100명 (264/350)
  클래스 [야만투사] 완료: 67명 (265/350)
  클래스 [향사수] 완료: 100명 (266/350)
  클래스별 합계: 667명

[39/50] 14-4 (LIVE_W14_R4)
  전체 랭킹 완료: 100명
  결사 랭킹 완료: 50개
  클래스 [심연추방자] 완료: 100명 (267/350)
  클래스 [집행관] 완료: 100명 (268/350)
  클래스 [태양감시자] 완료: 100명 (269/350)
  클래스 [주문각인사] 완료: 100명 (270/350)
  클래스 [환영검사] 완료: 100명 (271/350)
  클래스 [야만투사] 완료: 69명 (272/350)
  클래스 [향사수] 완료: 100명 (273/350)
  클래스별 합계: 669명

[40/50] 14-5 (LIVE_W14_R5)
  전체 랭킹 완료: 100명
  결사 랭킹 완료: 50개
  클래스 [심연추방자] 완료: 100명 (274/350)
  클래스 [집행관] 완료: 100명 (275/350)
  클래스 [태양감시자] 완료: 100명 (276/350)
  클래스 [주문각인사] 완료: 100명 (277/350)
  클래스 [환영검사] 완료: 100명 (278/350)
  클래스 [야만투사] 완료: 74명 (279/350)
  클래스 [향사수] 완료: 100명 (280/350)
  클래스별 합계: 674명

[41/50] 16-1 (LIVE_W16_R1)
  전체 랭킹 완료: 100명
  결사 랭킹 완료: 50개
  클래스 [심연추방자] 완료: 100명 (281/350)
  클래스 [집행관] 완료: 100명 (282/350)
  클래스 [태양감시자] 완료: 100명 (283/350)
  클래스 [주문각인사] 완료: 100명 (284/350)
  클래스 [환영검사] 완료: 100명 (285/350)
  클래스 [야만투사] 완료: 68명 (286/350)
  클래스 [향사수] 완료: 100명 (287/350)
  클래스별 합계: 668명

[42/50] 16-2 (LIVE_W16_R2)
  전체 랭킹 완료: 100명
  결사 랭킹 완료: 50개
  클래스 [심연추방자] 완료: 100명 (288/350)
  클래스 [집행관] 완료: 100명 (289/350)
  클래스 [태양감시자] 완료: 100명 (290/350)
  클래스 [주문각인사] 완료: 100명 (291/350)
  클래스 [환영검사] 완료: 100명 (292/350)
  클래스 [야만투사] 완료: 56명 (293/350)
  클래스 [향사수] 완료: 100명 (294/350)
  클래스별 합계: 656명

[43/50] 16-3 (LIVE_W16_R3)
  전체 랭킹 완료: 100명
  결사 랭킹 완료: 50개
  클래스 [심연추방자] 완료: 100명 (295/350)
  클래스 [집행관] 완료: 100명 (296/350)
  클래스 [태양감시자] 완료: 100명 (297/350)
  클래스 [주문각인사] 완료: 100명 (298/350)
  클래스 [환영검사] 완료: 100명 (299/350)
  클래스 [야만투사] 완료: 65명 (300/350)
  클래스 [향사수] 완료: 100명 (301/350)
  클래스별 합계: 665명

[44/50] 16-4 (LIVE_W16_R4)
  전체 랭킹 완료: 100명
  결사 랭킹 완료: 50개
  클래스 [심연추방자] 완료: 100명 (302/350)
  클래스 [집행관] 완료: 100명 (303/350)
  클래스 [태양감시자] 완료: 100명 (304/350)
  클래스 [주문각인사] 완료: 100명 (305/350)
  클래스 [환영검사] 완료: 100명 (306/350)
  클래스 [야만투사] 완료: 65명 (307/350)
  클래스 [향사수] 완료: 100명 (308/350)
  클래스별 합계: 665명

[45/50] 16-5 (LIVE_W16_R5)
  전체 랭킹 완료: 100명
  결사 랭킹 완료: 50개
  클래스 [심연추방자] 완료: 100명 (309/350)
  클래스 [집행관] 완료: 100명 (310/350)
  클래스 [태양감시자] 완료: 100명 (311/350)
  클래스 [주문각인사] 완료: 100명 (312/350)
  클래스 [환영검사] 완료: 100명 (313/350)
  클래스 [야만투사] 완료: 100명 (314/350)
  클래스 [향사수] 완료: 100명 (315/350)
  클래스별 합계: 700명

[46/50] 27-1 (LIVE_W27_R1)
  전체 랭킹 완료: 100명
  결사 랭킹 완료: 50개
  클래스 [심연추방자] 완료: 100명 (316/350)
  클래스 [집행관] 완료: 100명 (317/350)
  클래스 [태양감시자] 완료: 100명 (318/350)
  클래스 [주문각인사] 완료: 100명 (319/350)
  클래스 [환영검사] 완료: 100명 (320/350)
  클래스 [야만투사] 완료: 100명 (321/350)
  클래스 [향사수] 완료: 100명 (322/350)
  클래스별 합계: 700명

[47/50] 27-2 (LIVE_W27_R2)
  전체 랭킹 완료: 100명
  결사 랭킹 완료: 50개
  클래스 [심연추방자] 완료: 100명 (323/350)
  클래스 [집행관] 완료: 100명 (324/350)
  클래스 [태양감시자] 완료: 100명 (325/350)
  클래스 [주문각인사] 완료: 100명 (326/350)
  클래스 [환영검사] 완료: 100명 (327/350)
  클래스 [야만투사] 완료: 100명 (328/350)
  클래스 [향사수] 완료: 100명 (329/350)
  클래스별 합계: 700명

[48/50] 27-3 (LIVE_W27_R3)
  전체 랭킹 완료: 100명
  결사 랭킹 완료: 50개
  클래스 [심연추방자] 완료: 100명 (330/350)
  클래스 [집행관] 완료: 100명 (331/350)
  클래스 [태양감시자] 완료: 100명 (332/350)
  클래스 [주문각인사] 완료: 100명 (333/350)
  클래스 [환영검사] 완료: 100명 (334/350)
  클래스 [야만투사] 완료: 100명 (335/350)
  클래스 [향사수] 완료: 100명 (336/350)
  클래스별 합계: 700명

[49/50] 27-4 (LIVE_W27_R4)
  전체 랭킹 완료: 100명
  결사 랭킹 완료: 50개
  클래스 [심연추방자] 완료: 100명 (337/350)
  클래스 [집행관] 완료: 100명 (338/350)
  클래스 [태양감시자] 완료: 100명 (339/350)
  클래스 [주문각인사] 완료: 100명 (340/350)
  클래스 [환영검사] 완료: 100명 (341/350)
  클래스 [야만투사] 완료: 100명 (342/350)
  클래스 [향사수] 완료: 100명 (343/350)
  클래스별 합계: 700명

[50/50] 27-5 (LIVE_W27_R5)
  전체 랭킹 완료: 100명
  결사 랭킹 완료: 50개
  클래스 [심연추방자] 완료: 100명 (344/350)
  클래스 [집행관] 완료: 100명 (345/350)
  클래스 [태양감시자] 완료: 100명 (346/350)
  클래스 [주문각인사] 완료: 100명 (347/350)
  클래스 [환영검사] 완료: 100명 (348/350)
  클래스 [야만투사] 완료: 100명 (349/350)
  클래스 [향사수] 완료: 100명 (350/350)
  클래스별 합계: 700명

==================================================================
추출 완료
갱신 시간: 2026-06-25 12:12:15 (KST)
전체 랭킹: 5,000명
결사 랭킹: 2,500개
클래스별 랭킹: 33,993명
전체 JSON: /home/runner/work/PrasiaLab_guild_Trace/PrasiaLab_guild_Trace/data/Who_are_you.json
결사 JSON: /home/runner/work/PrasiaLab_guild_Trace/PrasiaLab_guild_Trace/data/Who_are_you_guild.json
클래스 JSON: /home/runner/work/PrasiaLab_guild_Trace/PrasiaLab_guild_Trace/data/Who_are_you_class.json
상태 JSON: /home/runner/work/PrasiaLab_guild_Trace/PrasiaLab_guild_Trace/data/ranking_update_status.json
결사 점수 JSON: /home/runner/work/PrasiaLab_guild_Trace/PrasiaLab_guild_Trace/data/Who_are_you_guild_score.json
결사 점수 순위: 3,647개
전체 랭킹 실패: 0건
결사 랭킹 실패: 0건
클래스 요청 실패: 0건
==================================================================

[2026-06-25 03:14:57] STEP: 랭킹 데이터 스냅샷 저장
CMD: /opt/hostedtoolcache/Python/3.12.13/x64/bin/python /home/runner/work/PrasiaLab_guild_Trace/PrasiaLab_guild_Trace/scripts/01_collect_snapshot.py --snapshot-id 2026-06-25_1211 --guild-source data/Who_are_you_guild_score.json
STDOUT:
[OK] snapshot saved: /home/runner/work/PrasiaLab_guild_Trace/PrasiaLab_guild_Trace/data/snapshots/2026-06-25_1211
[OK] guild count: 3,647

[2026-06-25 03:14:58] STEP: 결사 점수 계산
CMD: /opt/hostedtoolcache/Python/3.12.13/x64/bin/python /home/runner/work/PrasiaLab_guild_Trace/PrasiaLab_guild_Trace/scripts/02_build_guild_score.py --snapshot-id 2026-06-25_1211
STDOUT:
[OK] guild score saved: /home/runner/work/PrasiaLab_guild_Trace/PrasiaLab_guild_Trace/data/Who_are_you_guild_score.json
[OK] guild count: 3,647

[2026-06-25 03:14:58] STEP: 스냅샷 비교 결과 생성: 2026-06-25_1110 → 2026-06-25_1211
CMD: /opt/hostedtoolcache/Python/3.12.13/x64/bin/python /home/runner/work/PrasiaLab_guild_Trace/PrasiaLab_guild_Trace/scripts/03_build_trace_compare.py --before 2026-06-25_1110 --after 2026-06-25_1211 --top-n 3 --before-limit 200 --after-limit 300 --min-score 35.0
STDOUT:
[OK] compare saved: /home/runner/work/PrasiaLab_guild_Trace/PrasiaLab_guild_Trace/data/compare/2026-06-25_1110__2026-06-25_1211.json
[OK] matches: 282
================================================================================
START: 2026-06-25 03:26:04
ROOT: /home/runner/work/PrasiaLab_guild_Trace/PrasiaLab_guild_Trace
PYTHON: /opt/hostedtoolcache/Python/3.12.13/x64/bin/python

[2026-06-25 03:26:04] STEP: 원천 랭킹 데이터 추출
CMD: /opt/hostedtoolcache/Python/3.12.13/x64/bin/python /home/runner/work/PrasiaLab_guild_Trace/PrasiaLab_guild_Trace/scripts/00_fetch_rankings.py
STDOUT:
==================================================================
너 누구야 - 전체 서버 일반/결사/클래스 랭킹 통합 추출
추출 시작: 2026-06-25 12:26:05 (KST)
대상 서버: 50개
클래스 요청: 350회
==================================================================

[01/50] 2-1 (LIVE_W02_R1)
  전체 랭킹 완료: 100명
  결사 랭킹 완료: 50개
  클래스 [심연추방자] 완료: 100명 (1/350)
  클래스 [집행관] 완료: 100명 (2/350)
  클래스 [태양감시자] 완료: 100명 (3/350)
  클래스 [주문각인사] 완료: 100명 (4/350)
  클래스 [환영검사] 완료: 100명 (5/350)
  클래스 [야만투사] 완료: 100명 (6/350)
  클래스 [향사수] 완료: 100명 (7/350)
  클래스별 합계: 700명

[02/50] 2-2 (LIVE_W02_R2)
  전체 랭킹 완료: 100명
  결사 랭킹 완료: 50개
  클래스 [심연추방자] 완료: 100명 (8/350)
  클래스 [집행관] 완료: 100명 (9/350)
  클래스 [태양감시자] 완료: 100명 (10/350)
  클래스 [주문각인사] 완료: 100명 (11/350)
  클래스 [환영검사] 완료: 100명 (12/350)
  클래스 [야만투사] 완료: 100명 (13/350)
  클래스 [향사수] 완료: 100명 (14/350)
  클래스별 합계: 700명

[03/50] 2-3 (LIVE_W02_R3)
  전체 랭킹 완료: 100명
  결사 랭킹 완료: 50개
  클래스 [심연추방자] 완료: 100명 (15/350)
  클래스 [집행관] 완료: 100명 (16/350)
  클래스 [태양감시자] 완료: 100명 (17/350)
  클래스 [주문각인사] 완료: 100명 (18/350)
  클래스 [환영검사] 완료: 100명 (19/350)
  클래스 [야만투사] 완료: 100명 (20/350)
  클래스 [향사수] 완료: 100명 (21/350)
  클래스별 합계: 700명

[04/50] 2-4 (LIVE_W02_R4)
  전체 랭킹 완료: 100명
  결사 랭킹 완료: 50개
  클래스 [심연추방자] 완료: 100명 (22/350)
  클래스 [집행관] 완료: 100명 (23/350)
  클래스 [태양감시자] 완료: 100명 (24/350)
  클래스 [주문각인사] 완료: 100명 (25/350)
  클래스 [환영검사] 완료: 100명 (26/350)
  클래스 [야만투사] 완료: 98명 (27/350)
  클래스 [향사수] 완료: 100명 (28/350)
  클래스별 합계: 698명

[05/50] 2-5 (LIVE_W02_R5)
  전체 랭킹 완료: 100명
  결사 랭킹 완료: 50개
  클래스 [심연추방자] 완료: 100명 (29/350)
  클래스 [집행관] 완료: 100명 (30/350)
  클래스 [태양감시자] 완료: 100명 (31/350)
  클래스 [주문각인사] 완료: 100명 (32/350)
  클래스 [환영검사] 완료: 100명 (33/350)
  클래스 [야만투사] 완료: 100명 (34/350)
  클래스 [향사수] 완료: 100명 (35/350)
  클래스별 합계: 700명

[06/50] 3-1 (LIVE_W03_R1)
  전체 랭킹 완료: 100명
  결사 랭킹 완료: 50개
  클래스 [심연추방자] 완료: 100명 (36/350)
  클래스 [집행관] 완료: 100명 (37/350)
  클래스 [태양감시자] 완료: 100명 (38/350)
  클래스 [주문각인사] 완료: 100명 (39/350)
  클래스 [환영검사] 완료: 100명 (40/350)
  클래스 [야만투사] 완료: 100명 (41/350)
  클래스 [향사수] 완료: 100명 (42/350)
  클래스별 합계: 700명

[07/50] 3-2 (LIVE_W03_R2)
  전체 랭킹 완료: 100명
  결사 랭킹 완료: 52개
  클래스 [심연추방자] 완료: 100명 (43/350)
  클래스 [집행관] 완료: 100명 (44/350)
  클래스 [태양감시자] 완료: 100명 (45/350)
  클래스 [주문각인사] 완료: 100명 (46/350)
  클래스 [환영검사] 완료: 100명 (47/350)
  클래스 [야만투사] 완료: 91명 (48/350)
  클래스 [향사수] 완료: 100명 (49/350)
  클래스별 합계: 691명

[08/50] 3-3 (LIVE_W03_R3)
  전체 랭킹 완료: 100명
  결사 랭킹 완료: 50개
  클래스 [심연추방자] 완료: 100명 (50/350)
  클래스 [집행관] 완료: 100명 (51/350)
  클래스 [태양감시자] 완료: 100명 (52/350)
  클래스 [주문각인사] 완료: 100명 (53/350)
  클래스 [환영검사] 완료: 100명 (54/350)
  클래스 [야만투사] 완료: 100명 (55/350)
  클래스 [향사수] 완료: 100명 (56/350)
  클래스별 합계: 700명

[09/50] 3-4 (LIVE_W03_R4)
  전체 랭킹 완료: 100명
  결사 랭킹 완료: 50개
  클래스 [심연추방자] 완료: 100명 (57/350)
  클래스 [집행관] 완료: 100명 (58/350)
  클래스 [태양감시자] 완료: 100명 (59/350)
  클래스 [주문각인사] 완료: 100명 (60/350)
  클래스 [환영검사] 완료: 100명 (61/350)
  클래스 [야만투사] 완료: 100명 (62/350)
  클래스 [향사수] 완료: 100명 (63/350)
  클래스별 합계: 700명

[10/50] 3-5 (LIVE_W03_R5)
  전체 랭킹 완료: 100명
  결사 랭킹 완료: 50개
  클래스 [심연추방자] 완료: 100명 (64/350)
  클래스 [집행관] 완료: 100명 (65/350)
  클래스 [태양감시자] 완료: 100명 (66/350)
  클래스 [주문각인사] 완료: 100명 (67/350)
  클래스 [환영검사] 완료: 100명 (68/350)
  클래스 [야만투사] 완료: 100명 (69/350)
  클래스 [향사수] 완료: 100명 (70/350)
  클래스별 합계: 700명

[11/50] 5-1 (LIVE_W05_R1)
  전체 랭킹 완료: 100명
  결사 랭킹 완료: 50개
  클래스 [심연추방자] 완료: 100명 (71/350)
  클래스 [집행관] 완료: 100명 (72/350)
  클래스 [태양감시자] 완료: 100명 (73/350)
  클래스 [주문각인사] 완료: 100명 (74/350)
  클래스 [환영검사] 완료: 100명 (75/350)
  클래스 [야만투사] 완료: 100명 (76/350)
  클래스 [향사수] 완료: 100명 (77/350)
  클래스별 합계: 700명

[12/50] 5-2 (LIVE_W05_R2)
  전체 랭킹 완료: 100명
  결사 랭킹 완료: 50개
  클래스 [심연추방자] 완료: 100명 (78/350)
  클래스 [집행관] 완료: 100명 (79/350)
  클래스 [태양감시자] 완료: 100명 (80/350)
  클래스 [주문각인사] 완료: 100명 (81/350)
  클래스 [환영검사] 완료: 100명 (82/350)
  클래스 [야만투사] 완료: 87명 (83/350)
  클래스 [향사수] 완료: 100명 (84/350)
  클래스별 합계: 687명

[13/50] 5-3 (LIVE_W05_R3)
  전체 랭킹 완료: 100명
  결사 랭킹 완료: 50개
  클래스 [심연추방자] 완료: 100명 (85/350)
  클래스 [집행관] 완료: 100명 (86/350)
  클래스 [태양감시자] 완료: 100명 (87/350)
  클래스 [주문각인사] 완료: 100명 (88/350)
  클래스 [환영검사] 완료: 100명 (89/350)
  클래스 [야만투사] 완료: 71명 (90/350)
  클래스 [향사수] 완료: 100명 (91/350)
  클래스별 합계: 671명

[14/50] 5-4 (LIVE_W05_R4)
  전체 랭킹 완료: 100명
  결사 랭킹 완료: 50개
  클래스 [심연추방자] 완료: 100명 (92/350)
  클래스 [집행관] 완료: 100명 (93/350)
  클래스 [태양감시자] 완료: 100명 (94/350)
  클래스 [주문각인사] 완료: 100명 (95/350)
  클래스 [환영검사] 완료: 100명 (96/350)
  클래스 [야만투사] 완료: 100명 (97/350)
  클래스 [향사수] 완료: 100명 (98/350)
  클래스별 합계: 700명

[15/50] 5-5 (LIVE_W05_R5)
  전체 랭킹 완료: 100명
  결사 랭킹 완료: 50개
  클래스 [심연추방자] 완료: 100명 (99/350)
  클래스 [집행관] 완료: 100명 (100/350)
  클래스 [태양감시자] 완료: 100명 (101/350)
  클래스 [주문각인사] 완료: 100명 (102/350)
  클래스 [환영검사] 완료: 100명 (103/350)
  클래스 [야만투사] 완료: 59명 (104/350)
  클래스 [향사수] 완료: 100명 (105/350)
  클래스별 합계: 659명

[16/50] 8-1 (LIVE_W08_R1)
  전체 랭킹 완료: 100명
  결사 랭킹 완료: 50개
  클래스 [심연추방자] 완료: 100명 (106/350)
  클래스 [집행관] 완료: 100명 (107/350)
  클래스 [태양감시자] 완료: 100명 (108/350)
  클래스 [주문각인사] 완료: 100명 (109/350)
  클래스 [환영검사] 완료: 100명 (110/350)
  클래스 [야만투사] 완료: 100명 (111/350)
  클래스 [향사수] 완료: 100명 (112/350)
  클래스별 합계: 700명

[17/50] 8-2 (LIVE_W08_R2)
  전체 랭킹 완료: 100명
  결사 랭킹 완료: 50개
  클래스 [심연추방자] 완료: 100명 (113/350)
  클래스 [집행관] 완료: 100명 (114/350)
  클래스 [태양감시자] 완료: 100명 (115/350)
  클래스 [주문각인사] 완료: 100명 (116/350)
  클래스 [환영검사] 완료: 100명 (117/350)
  클래스 [야만투사] 완료: 73명 (118/350)
  클래스 [향사수] 완료: 100명 (119/350)
  클래스별 합계: 673명

[18/50] 8-3 (LIVE_W08_R3)
  전체 랭킹 완료: 100명
  결사 랭킹 완료: 50개
  클래스 [심연추방자] 완료: 100명 (120/350)
  클래스 [집행관] 완료: 100명 (121/350)
  클래스 [태양감시자] 완료: 100명 (122/350)
  클래스 [주문각인사] 완료: 100명 (123/350)
  클래스 [환영검사] 완료: 100명 (124/350)
  클래스 [야만투사] 완료: 80명 (125/350)
  클래스 [향사수] 완료: 100명 (126/350)
  클래스별 합계: 680명

[19/50] 8-4 (LIVE_W08_R4)
  전체 랭킹 완료: 100명
  결사 랭킹 완료: 66개
  클래스 [심연추방자] 완료: 100명 (127/350)
  클래스 [집행관] 완료: 100명 (128/350)
  클래스 [태양감시자] 완료: 100명 (129/350)
  클래스 [주문각인사] 완료: 100명 (130/350)
  클래스 [환영검사] 완료: 100명 (131/350)
  클래스 [야만투사] 완료: 63명 (132/350)
  클래스 [향사수] 완료: 100명 (133/350)
  클래스별 합계: 663명

[20/50] 8-5 (LIVE_W08_R5)
  전체 랭킹 완료: 100명
  결사 랭킹 완료: 50개
  클래스 [심연추방자] 완료: 100명 (134/350)
  클래스 [집행관] 완료: 100명 (135/350)
  클래스 [태양감시자] 완료: 100명 (136/350)
  클래스 [주문각인사] 완료: 100명 (137/350)
  클래스 [환영검사] 완료: 100명 (138/350)
  클래스 [야만투사] 완료: 80명 (139/350)
  클래스 [향사수] 완료: 100명 (140/350)
  클래스별 합계: 680명

[21/50] 10-1 (LIVE_W10_R1)
  전체 랭킹 완료: 100명
  결사 랭킹 완료: 50개
  클래스 [심연추방자] 완료: 100명 (141/350)
  클래스 [집행관] 완료: 100명 (142/350)
  클래스 [태양감시자] 완료: 100명 (143/350)
  클래스 [주문각인사] 완료: 100명 (144/350)
  클래스 [환영검사] 완료: 100명 (145/350)
  클래스 [야만투사] 완료: 73명 (146/350)
  클래스 [향사수] 완료: 100명 (147/350)
  클래스별 합계: 673명

[22/50] 10-2 (LIVE_W10_R2)
  전체 랭킹 완료: 100명
  결사 랭킹 완료: 50개
  클래스 [심연추방자] 완료: 100명 (148/350)
  클래스 [집행관] 완료: 100명 (149/350)
  클래스 [태양감시자] 완료: 100명 (150/350)
  클래스 [주문각인사] 완료: 100명 (151/350)
  클래스 [환영검사] 완료: 100명 (152/350)
  클래스 [야만투사] 완료: 72명 (153/350)
  클래스 [향사수] 완료: 100명 (154/350)
  클래스별 합계: 672명

[23/50] 10-3 (LIVE_W10_R3)
  전체 랭킹 완료: 100명
  결사 랭킹 완료: 50개
  클래스 [심연추방자] 완료: 100명 (155/350)
  클래스 [집행관] 완료: 100명 (156/350)
  클래스 [태양감시자] 완료: 100명 (157/350)
  클래스 [주문각인사] 완료: 100명 (158/350)
  클래스 [환영검사] 완료: 100명 (159/350)
  클래스 [야만투사] 완료: 34명 (160/350)
  클래스 [향사수] 완료: 100명 (161/350)
  클래스별 합계: 634명

[24/50] 10-4 (LIVE_W10_R4)
  전체 랭킹 완료: 100명
  결사 랭킹 완료: 50개
  클래스 [심연추방자] 완료: 100명 (162/350)
  클래스 [집행관] 완료: 100명 (163/350)
  클래스 [태양감시자] 완료: 100명 (164/350)
  클래스 [주문각인사] 완료: 100명 (165/350)
  클래스 [환영검사] 완료: 100명 (166/350)
  클래스 [야만투사] 완료: 100명 (167/350)
  클래스 [향사수] 완료: 100명 (168/350)
  클래스별 합계: 700명

[25/50] 10-5 (LIVE_W10_R5)
  전체 랭킹 완료: 100명
  결사 랭킹 완료: 50개
  클래스 [심연추방자] 완료: 100명 (169/350)
  클래스 [집행관] 완료: 100명 (170/350)
  클래스 [태양감시자] 완료: 100명 (171/350)
  클래스 [주문각인사] 완료: 100명 (172/350)
  클래스 [환영검사] 완료: 100명 (173/350)
  클래스 [야만투사] 완료: 40명 (174/350)
  클래스 [향사수] 완료: 100명 (175/350)
  클래스별 합계: 640명

[26/50] 11-1 (LIVE_W11_R1)
  전체 랭킹 완료: 100명
  결사 랭킹 완료: 50개
  클래스 [심연추방자] 완료: 100명 (176/350)
  클래스 [집행관] 완료: 100명 (177/350)
  클래스 [태양감시자] 완료: 100명 (178/350)
  클래스 [주문각인사] 완료: 100명 (179/350)
  클래스 [환영검사] 완료: 100명 (180/350)
  클래스 [야만투사] 완료: 100명 (181/350)
  클래스 [향사수] 완료: 100명 (182/350)
  클래스별 합계: 700명

[27/50] 11-2 (LIVE_W11_R2)
  전체 랭킹 완료: 100명
  결사 랭킹 완료: 50개
  클래스 [심연추방자] 완료: 100명 (183/350)
  클래스 [집행관] 완료: 100명 (184/350)
  클래스 [태양감시자] 완료: 100명 (185/350)
  클래스 [주문각인사] 완료: 100명 (186/350)
  클래스 [환영검사] 완료: 100명 (187/350)
  클래스 [야만투사] 완료: 50명 (188/350)
  클래스 [향사수] 완료: 100명 (189/350)
  클래스별 합계: 650명

[28/50] 11-3 (LIVE_W11_R3)
  전체 랭킹 완료: 100명
  결사 랭킹 완료: 50개
  클래스 [심연추방자] 완료: 100명 (190/350)
  클래스 [집행관] 완료: 100명 (191/350)
  클래스 [태양감시자] 완료: 100명 (192/350)
  클래스 [주문각인사] 완료: 100명 (193/350)
  클래스 [환영검사] 완료: 100명 (194/350)
  클래스 [야만투사] 완료: 43명 (195/350)
  클래스 [향사수] 완료: 100명 (196/350)
  클래스별 합계: 643명

[29/50] 11-4 (LIVE_W11_R4)
  전체 랭킹 완료: 100명
  결사 랭킹 완료: 50개
  클래스 [심연추방자] 완료: 100명 (197/350)
  클래스 [집행관] 완료: 100명 (198/350)
  클래스 [태양감시자] 완료: 100명 (199/350)
  클래스 [주문각인사] 완료: 100명 (200/350)
  클래스 [환영검사] 완료: 100명 (201/350)
  클래스 [야만투사] 완료: 85명 (202/350)
  클래스 [향사수] 완료: 100명 (203/350)
  클래스별 합계: 685명

[30/50] 11-5 (LIVE_W11_R5)
  전체 랭킹 완료: 100명
  결사 랭킹 완료: 50개
  클래스 [심연추방자] 완료: 100명 (204/350)
  클래스 [집행관] 완료: 100명 (205/350)
  클래스 [태양감시자] 완료: 100명 (206/350)
  클래스 [주문각인사] 완료: 100명 (207/350)
  클래스 [환영검사] 완료: 100명 (208/350)
  클래스 [야만투사] 완료: 77명 (209/350)
  클래스 [향사수] 완료: 100명 (210/350)
  클래스별 합계: 677명

[31/50] 12-1 (LIVE_W12_R1)
  전체 랭킹 완료: 100명
  결사 랭킹 완료: 50개
  클래스 [심연추방자] 완료: 100명 (211/350)
  클래스 [집행관] 완료: 100명 (212/350)
  클래스 [태양감시자] 완료: 100명 (213/350)
  클래스 [주문각인사] 완료: 100명 (214/350)
  클래스 [환영검사] 완료: 100명 (215/350)
  클래스 [야만투사] 완료: 61명 (216/350)
  클래스 [향사수] 완료: 100명 (217/350)
  클래스별 합계: 661명

[32/50] 12-2 (LIVE_W12_R2)
  전체 랭킹 완료: 100명
  결사 랭킹 완료: 50개
  클래스 [심연추방자] 완료: 100명 (218/350)
  클래스 [집행관] 완료: 100명 (219/350)
  클래스 [태양감시자] 완료: 100명 (220/350)
  클래스 [주문각인사] 완료: 100명 (221/350)
  클래스 [환영검사] 완료: 100명 (222/350)
  클래스 [야만투사] 완료: 86명 (223/350)
  클래스 [향사수] 완료: 100명 (224/350)
  클래스별 합계: 686명

[33/50] 12-3 (LIVE_W12_R3)
  전체 랭킹 완료: 100명
  결사 랭킹 완료: 50개
  클래스 [심연추방자] 완료: 100명 (225/350)
  클래스 [집행관] 완료: 100명 (226/350)
  클래스 [태양감시자] 완료: 100명 (227/350)
  클래스 [주문각인사] 완료: 100명 (228/350)
  클래스 [환영검사] 완료: 100명 (229/350)
  클래스 [야만투사] 완료: 45명 (230/350)
  클래스 [향사수] 완료: 100명 (231/350)
  클래스별 합계: 645명

[34/50] 12-4 (LIVE_W12_R4)
  전체 랭킹 완료: 100명
  결사 랭킹 완료: 50개
  클래스 [심연추방자] 완료: 100명 (232/350)
  클래스 [집행관] 완료: 100명 (233/350)
  클래스 [태양감시자] 완료: 100명 (234/350)
  클래스 [주문각인사] 완료: 100명 (235/350)
  클래스 [환영검사] 완료: 100명 (236/350)
  클래스 [야만투사] 완료: 69명 (237/350)
  클래스 [향사수] 완료: 100명 (238/350)
  클래스별 합계: 669명

[35/50] 12-5 (LIVE_W12_R5)
  전체 랭킹 완료: 100명
  결사 랭킹 완료: 50개
  클래스 [심연추방자] 완료: 100명 (239/350)
  클래스 [집행관] 완료: 100명 (240/350)
  클래스 [태양감시자] 완료: 100명 (241/350)
  클래스 [주문각인사] 완료: 100명 (242/350)
  클래스 [환영검사] 완료: 100명 (243/350)
  클래스 [야만투사] 완료: 41명 (244/350)
  클래스 [향사수] 완료: 100명 (245/350)
  클래스별 합계: 641명

[36/50] 14-1 (LIVE_W14_R1)
  전체 랭킹 완료: 100명
  결사 랭킹 완료: 50개
  클래스 [심연추방자] 완료: 100명 (246/350)
  클래스 [집행관] 완료: 100명 (247/350)
  클래스 [태양감시자] 완료: 100명 (248/350)
  클래스 [주문각인사] 완료: 100명 (249/350)
  클래스 [환영검사] 완료: 100명 (250/350)
  클래스 [야만투사] 완료: 100명 (251/350)
  클래스 [향사수] 완료: 100명 (252/350)
  클래스별 합계: 700명

[37/50] 14-2 (LIVE_W14_R2)
  전체 랭킹 완료: 100명
  결사 랭킹 완료: 50개
  클래스 [심연추방자] 완료: 100명 (253/350)
  클래스 [집행관] 완료: 100명 (254/350)
  클래스 [태양감시자] 완료: 100명 (255/350)
  클래스 [주문각인사] 완료: 100명 (256/350)
  클래스 [환영검사] 완료: 100명 (257/350)
  클래스 [야만투사] 완료: 48명 (258/350)
  클래스 [향사수] 완료: 100명 (259/350)
  클래스별 합계: 648명

[38/50] 14-3 (LIVE_W14_R3)
  전체 랭킹 완료: 100명
  결사 랭킹 완료: 51개
  클래스 [심연추방자] 완료: 100명 (260/350)
    재시도 1/2: ('Connection aborted.', RemoteDisconnected('Remote end closed connection without response'))
  클래스 [집행관] 완료: 100명 (261/350)
  클래스 [태양감시자] 완료: 100명 (262/350)
  클래스 [주문각인사] 완료: 100명 (263/350)
  클래스 [환영검사] 완료: 100명 (264/350)
  클래스 [야만투사] 완료: 67명 (265/350)
  클래스 [향사수] 완료: 100명 (266/350)
  클래스별 합계: 667명

[39/50] 14-4 (LIVE_W14_R4)
  전체 랭킹 완료: 100명
  결사 랭킹 완료: 50개
  클래스 [심연추방자] 완료: 100명 (267/350)
  클래스 [집행관] 완료: 100명 (268/350)
  클래스 [태양감시자] 완료: 100명 (269/350)
  클래스 [주문각인사] 완료: 100명 (270/350)
  클래스 [환영검사] 완료: 100명 (271/350)
  클래스 [야만투사] 완료: 69명 (272/350)
  클래스 [향사수] 완료: 100명 (273/350)
  클래스별 합계: 669명

[40/50] 14-5 (LIVE_W14_R5)
  전체 랭킹 완료: 100명
  결사 랭킹 완료: 50개
  클래스 [심연추방자] 완료: 100명 (274/350)
  클래스 [집행관] 완료: 100명 (275/350)
  클래스 [태양감시자] 완료: 100명 (276/350)
  클래스 [주문각인사] 완료: 100명 (277/350)
  클래스 [환영검사] 완료: 100명 (278/350)
  클래스 [야만투사] 완료: 74명 (279/350)
  클래스 [향사수] 완료: 100명 (280/350)
  클래스별 합계: 674명

[41/50] 16-1 (LIVE_W16_R1)
  전체 랭킹 완료: 100명
  결사 랭킹 완료: 50개
  클래스 [심연추방자] 완료: 100명 (281/350)
  클래스 [집행관] 완료: 100명 (282/350)
  클래스 [태양감시자] 완료: 100명 (283/350)
  클래스 [주문각인사] 완료: 100명 (284/350)
  클래스 [환영검사] 완료: 100명 (285/350)
  클래스 [야만투사] 완료: 67명 (286/350)
  클래스 [향사수] 완료: 100명 (287/350)
  클래스별 합계: 667명

[42/50] 16-2 (LIVE_W16_R2)
  전체 랭킹 완료: 100명
  결사 랭킹 완료: 50개
  클래스 [심연추방자] 완료: 100명 (288/350)
  클래스 [집행관] 완료: 100명 (289/350)
  클래스 [태양감시자] 완료: 100명 (290/350)
  클래스 [주문각인사] 완료: 100명 (291/350)
  클래스 [환영검사] 완료: 100명 (292/350)
  클래스 [야만투사] 완료: 56명 (293/350)
  클래스 [향사수] 완료: 100명 (294/350)
  클래스별 합계: 656명

[43/50] 16-3 (LIVE_W16_R3)
  전체 랭킹 완료: 100명
  결사 랭킹 완료: 50개
  클래스 [심연추방자] 완료: 100명 (295/350)
  클래스 [집행관] 완료: 100명 (296/350)
  클래스 [태양감시자] 완료: 100명 (297/350)
  클래스 [주문각인사] 완료: 100명 (298/350)
  클래스 [환영검사] 완료: 100명 (299/350)
  클래스 [야만투사] 완료: 65명 (300/350)
  클래스 [향사수] 완료: 100명 (301/350)
  클래스별 합계: 665명

[44/50] 16-4 (LIVE_W16_R4)
  전체 랭킹 완료: 100명
  결사 랭킹 완료: 50개
  클래스 [심연추방자] 완료: 100명 (302/350)
  클래스 [집행관] 완료: 100명 (303/350)
  클래스 [태양감시자] 완료: 100명 (304/350)
  클래스 [주문각인사] 완료: 100명 (305/350)
  클래스 [환영검사] 완료: 100명 (306/350)
  클래스 [야만투사] 완료: 65명 (307/350)
  클래스 [향사수] 완료: 100명 (308/350)
  클래스별 합계: 665명

[45/50] 16-5 (LIVE_W16_R5)
  전체 랭킹 완료: 100명
  결사 랭킹 완료: 50개
  클래스 [심연추방자] 완료: 100명 (309/350)
  클래스 [집행관] 완료: 100명 (310/350)
  클래스 [태양감시자] 완료: 100명 (311/350)
  클래스 [주문각인사] 완료: 100명 (312/350)
  클래스 [환영검사] 완료: 100명 (313/350)
  클래스 [야만투사] 완료: 100명 (314/350)
  클래스 [향사수] 완료: 100명 (315/350)
  클래스별 합계: 700명

[46/50] 27-1 (LIVE_W27_R1)
  전체 랭킹 완료: 100명
  결사 랭킹 완료: 50개
  클래스 [심연추방자] 완료: 100명 (316/350)
  클래스 [집행관] 완료: 100명 (317/350)
  클래스 [태양감시자] 완료: 100명 (318/350)
  클래스 [주문각인사] 완료: 100명 (319/350)
  클래스 [환영검사] 완료: 100명 (320/350)
  클래스 [야만투사] 완료: 100명 (321/350)
  클래스 [향사수] 완료: 100명 (322/350)
  클래스별 합계: 700명

[47/50] 27-2 (LIVE_W27_R2)
  전체 랭킹 완료: 100명
  결사 랭킹 완료: 50개
  클래스 [심연추방자] 완료: 100명 (323/350)
  클래스 [집행관] 완료: 100명 (324/350)
  클래스 [태양감시자] 완료: 100명 (325/350)
  클래스 [주문각인사] 완료: 100명 (326/350)
  클래스 [환영검사] 완료: 100명 (327/350)
  클래스 [야만투사] 완료: 100명 (328/350)
  클래스 [향사수] 완료: 100명 (329/350)
  클래스별 합계: 700명

[48/50] 27-3 (LIVE_W27_R3)
  전체 랭킹 완료: 100명
  결사 랭킹 완료: 50개
  클래스 [심연추방자] 완료: 100명 (330/350)
  클래스 [집행관] 완료: 100명 (331/350)
  클래스 [태양감시자] 완료: 100명 (332/350)
  클래스 [주문각인사] 완료: 100명 (333/350)
  클래스 [환영검사] 완료: 100명 (334/350)
  클래스 [야만투사] 완료: 100명 (335/350)
  클래스 [향사수] 완료: 100명 (336/350)
  클래스별 합계: 700명

[49/50] 27-4 (LIVE_W27_R4)
  전체 랭킹 완료: 100명
  결사 랭킹 완료: 50개
  클래스 [심연추방자] 완료: 100명 (337/350)
  클래스 [집행관] 완료: 100명 (338/350)
  클래스 [태양감시자] 완료: 100명 (339/350)
  클래스 [주문각인사] 완료: 100명 (340/350)
  클래스 [환영검사] 완료: 100명 (341/350)
  클래스 [야만투사] 완료: 100명 (342/350)
  클래스 [향사수] 완료: 100명 (343/350)
  클래스별 합계: 700명

[50/50] 27-5 (LIVE_W27_R5)
  전체 랭킹 완료: 100명
  결사 랭킹 완료: 50개
  클래스 [심연추방자] 완료: 100명 (344/350)
  클래스 [집행관] 완료: 100명 (345/350)
  클래스 [태양감시자] 완료: 100명 (346/350)
  클래스 [주문각인사] 완료: 100명 (347/350)
  클래스 [환영검사] 완료: 100명 (348/350)
  클래스 [야만투사] 완료: 100명 (349/350)
  클래스 [향사수] 완료: 100명 (350/350)
  클래스별 합계: 700명

==================================================================
추출 완료
갱신 시간: 2026-06-25 12:26:05 (KST)
전체 랭킹: 5,000명
결사 랭킹: 2,519개
클래스별 랭킹: 33,989명
전체 JSON: /home/runner/work/PrasiaLab_guild_Trace/PrasiaLab_guild_Trace/data/Who_are_you.json
결사 JSON: /home/runner/work/PrasiaLab_guild_Trace/PrasiaLab_guild_Trace/data/Who_are_you_guild.json
클래스 JSON: /home/runner/work/PrasiaLab_guild_Trace/PrasiaLab_guild_Trace/data/Who_are_you_class.json
상태 JSON: /home/runner/work/PrasiaLab_guild_Trace/PrasiaLab_guild_Trace/data/ranking_update_status.json
결사 점수 JSON: /home/runner/work/PrasiaLab_guild_Trace/PrasiaLab_guild_Trace/data/Who_are_you_guild_score.json
결사 점수 순위: 3,652개
전체 랭킹 실패: 0건
결사 랭킹 실패: 0건
클래스 요청 실패: 0건
==================================================================

[2026-06-25 03:28:58] STEP: 랭킹 데이터 스냅샷 저장
CMD: /opt/hostedtoolcache/Python/3.12.13/x64/bin/python /home/runner/work/PrasiaLab_guild_Trace/PrasiaLab_guild_Trace/scripts/01_collect_snapshot.py --snapshot-id 2025-06-25_1221 --guild-source data/Who_are_you_guild_score.json
STDOUT:
[OK] snapshot saved: /home/runner/work/PrasiaLab_guild_Trace/PrasiaLab_guild_Trace/data/snapshots/2025-06-25_1221
[OK] guild count: 3,652

[2026-06-25 03:28:58] STEP: 결사 점수 계산
CMD: /opt/hostedtoolcache/Python/3.12.13/x64/bin/python /home/runner/work/PrasiaLab_guild_Trace/PrasiaLab_guild_Trace/scripts/02_build_guild_score.py --snapshot-id 2025-06-25_1221
STDOUT:
[OK] guild score saved: /home/runner/work/PrasiaLab_guild_Trace/PrasiaLab_guild_Trace/data/Who_are_you_guild_score.json
[OK] guild count: 3,652

[2026-06-25 03:28:59] STEP: 스냅샷 비교 결과 생성: 2026-06-25_1211 → 2025-06-25_1221
CMD: /opt/hostedtoolcache/Python/3.12.13/x64/bin/python /home/runner/work/PrasiaLab_guild_Trace/PrasiaLab_guild_Trace/scripts/03_build_trace_compare.py --before 2026-06-25_1211 --after 2025-06-25_1221 --top-n 3 --before-limit 200 --after-limit 300 --min-score 35.0
STDOUT:
[OK] compare saved: /home/runner/work/PrasiaLab_guild_Trace/PrasiaLab_guild_Trace/data/compare/2026-06-25_1211__2025-06-25_1221.json
[OK] matches: 241
